<?xml version="1.0" encoding="utf-8"?>
<CoverageSession>
  <Summary numSequencePoints="573" visitedSequencePoints="64" numBranchPoints="104" visitedBranchPoints="13" sequenceCoverage="11.16" branchCoverage="12.5" maxCyclomaticComplexity="198" minCyclomaticComplexity="198" visitedClasses="7" numClasses="32" visitedMethods="33" numMethods="106" />
  <Modules>
    <Module hash="18F369CB-02BC-427F-B559-47C5DC2762AD">
      <ModulePath>VehicleRentalSystem.dll</ModulePath>
      <ModuleTime>2026-02-12T01:00:56</ModuleTime>
      <ModuleName>VehicleRentalSystem</ModuleName>
      <Files>
        <File uid="1" fullPath="C:\Users\Win11\Desktop\VehicleRentalSystem\VehicleRentalSystem\VehicleSystem\DTO\UpdateRentalDTO.cs" />
        <File uid="2" fullPath="C:\Users\Win11\Desktop\VehicleRentalSystem\VehicleRentalSystem\VehicleSystem\Program.cs" />
        <File uid="3" fullPath="C:\Users\Win11\Desktop\VehicleRentalSystem\VehicleRentalSystem\VehicleSystem\Validator\RentalValidator.cs" />
        <File uid="4" fullPath="C:\Users\Win11\Desktop\VehicleRentalSystem\VehicleRentalSystem\VehicleSystem\Services\RentalService.cs" />
        <File uid="5" fullPath="C:\Users\Win11\Desktop\VehicleRentalSystem\VehicleRentalSystem\VehicleSystem\Repositories\RentalRepository.cs" />
        <File uid="6" fullPath="C:\Users\Win11\Desktop\VehicleRentalSystem\VehicleRentalSystem\VehicleSystem\Models\PostgresContext.cs" />
        <File uid="7" fullPath="C:\Users\Win11\Desktop\VehicleRentalSystem\VehicleRentalSystem\VehicleSystem\Models\TbAccessory.cs" />
        <File uid="8" fullPath="C:\Users\Win11\Desktop\VehicleRentalSystem\VehicleRentalSystem\VehicleSystem\Models\TbPayment.cs" />
        <File uid="9" fullPath="C:\Users\Win11\Desktop\VehicleRentalSystem\VehicleRentalSystem\VehicleSystem\Models\TbRating.cs" />
        <File uid="10" fullPath="C:\Users\Win11\Desktop\VehicleRentalSystem\VehicleRentalSystem\VehicleSystem\Models\TbRental.cs" />
        <File uid="11" fullPath="C:\Users\Win11\Desktop\VehicleRentalSystem\VehicleRentalSystem\VehicleSystem\Models\TbRentalAccessory.cs" />
        <File uid="12" fullPath="C:\Users\Win11\Desktop\VehicleRentalSystem\VehicleRentalSystem\VehicleSystem\Models\TbUser.cs" />
        <File uid="13" fullPath="C:\Users\Win11\Desktop\VehicleRentalSystem\VehicleRentalSystem\VehicleSystem\Models\TbVehicle.cs" />
        <File uid="14" fullPath="C:\Users\Win11\Desktop\VehicleRentalSystem\VehicleRentalSystem\VehicleSystem\DTO\RentalCreateDTO.cs" />
        <File uid="15" fullPath="C:\Users\Win11\Desktop\VehicleRentalSystem\VehicleRentalSystem\VehicleSystem\DTO\RentalResponseDTO.cs" />
        <File uid="16" fullPath="C:\Users\Win11\Desktop\VehicleRentalSystem\VehicleRentalSystem\VehicleSystem\Controllers\RentalController.cs" />
      </Files>
      <Classes>
        <Class>
          <Summary numSequencePoints="1" visitedSequencePoints="1" numBranchPoints="0" visitedBranchPoints="0" sequenceCoverage="100" branchCoverage="100" maxCyclomaticComplexity="1" minCyclomaticComplexity="1" visitedClasses="1" numClasses="1" visitedMethods="1" numMethods="1" />
          <FullName>UpdateRentalDTO</FullName>
          <Methods>
            <Method cyclomaticComplexity="1" nPathComplexity="1" sequenceCoverage="100" branchCoverage="100" isConstructor="False" isGetter="True" isSetter="False" isStatic="True">
              <Summary numSequencePoints="1" visitedSequencePoints="1" numBranchPoints="0" visitedBranchPoints="0" sequenceCoverage="100" branchCoverage="100" maxCyclomaticComplexity="1" minCyclomaticComplexity="1" visitedClasses="0" numClasses="0" visitedMethods="1" numMethods="1" />
              <MetadataToken />
              <Name>System.DateTime UpdateRentalDTO::get_NewExpectedEndDate()</Name>
              <FileRef uid="1" />
              <SequencePoints>
                <SequencePoint vc="6" uspid="3" ordinal="0" sl="3" sc="1" el="3" ec="2" bec="0" bev="0" fileid="1" />
              </SequencePoints>
              <BranchPoints />
              <MethodPoint vc="1" uspid="0" p8:type="SequencePoint" ordinal="0" offset="0" sc="0" sl="3" ec="1" el="3" bec="0" bev="0" fileid="1" xmlns:p8="xsi" />
            </Method>
          </Methods>
        </Class>
        <Class>
          <Summary numSequencePoints="18" visitedSequencePoints="0" numBranchPoints="2" visitedBranchPoints="0" sequenceCoverage="0" branchCoverage="0" maxCyclomaticComplexity="2" minCyclomaticComplexity="2" visitedClasses="0" numClasses="1" visitedMethods="0" numMethods="1" />
          <FullName>Program</FullName>
          <Methods>
            <Method cyclomaticComplexity="2" nPathComplexity="2" sequenceCoverage="0" branchCoverage="0" isConstructor="False" isGetter="False" isSetter="False" isStatic="True">
              <Summary numSequencePoints="18" visitedSequencePoints="0" numBranchPoints="2" visitedBranchPoints="0" sequenceCoverage="0" branchCoverage="0" maxCyclomaticComplexity="2" minCyclomaticComplexity="2" visitedClasses="0" numClasses="0" visitedMethods="0" numMethods="1" />
              <MetadataToken />
              <Name>System.Void Program::&lt;Main&gt;$(System.String[])</Name>
              <FileRef uid="2" />
              <SequencePoints>
                <SequencePoint vc="0" uspid="12" ordinal="0" sl="12" sc="1" el="12" ec="2" bec="0" bev="0" fileid="2" />
                <SequencePoint vc="0" uspid="16" ordinal="1" sl="16" sc="1" el="16" ec="2" bec="0" bev="0" fileid="2" />
                <SequencePoint vc="0" uspid="18" ordinal="2" sl="18" sc="1" el="18" ec="2" bec="0" bev="0" fileid="2" />
                <SequencePoint vc="0" uspid="19" ordinal="3" sl="19" sc="1" el="19" ec="2" bec="0" bev="0" fileid="2" />
                <SequencePoint vc="0" uspid="20" ordinal="4" sl="20" sc="1" el="20" ec="2" bec="0" bev="0" fileid="2" />
                <SequencePoint vc="0" uspid="21" ordinal="5" sl="21" sc="1" el="21" ec="2" bec="0" bev="0" fileid="2" />
                <SequencePoint vc="0" uspid="23" ordinal="6" sl="23" sc="1" el="23" ec="2" bec="0" bev="0" fileid="2" />
                <SequencePoint vc="0" uspid="24" ordinal="7" sl="24" sc="1" el="24" ec="2" bec="0" bev="0" fileid="2" />
                <SequencePoint vc="0" uspid="26" ordinal="8" sl="26" sc="1" el="26" ec="2" bec="0" bev="0" fileid="2" />
                <SequencePoint vc="0" uspid="29" ordinal="9" sl="29" sc="1" el="29" ec="2" bec="2" bev="0" fileid="2" />
                <SequencePoint vc="0" uspid="30" ordinal="10" sl="30" sc="1" el="30" ec="2" bec="0" bev="0" fileid="2" />
                <SequencePoint vc="0" uspid="31" ordinal="11" sl="31" sc="1" el="31" ec="2" bec="0" bev="0" fileid="2" />
                <SequencePoint vc="0" uspid="32" ordinal="12" sl="32" sc="1" el="32" ec="2" bec="0" bev="0" fileid="2" />
                <SequencePoint vc="0" uspid="33" ordinal="13" sl="33" sc="1" el="33" ec="2" bec="0" bev="0" fileid="2" />
                <SequencePoint vc="0" uspid="35" ordinal="14" sl="35" sc="1" el="35" ec="2" bec="0" bev="0" fileid="2" />
                <SequencePoint vc="0" uspid="37" ordinal="15" sl="37" sc="1" el="37" ec="2" bec="0" bev="0" fileid="2" />
                <SequencePoint vc="0" uspid="39" ordinal="16" sl="39" sc="1" el="39" ec="2" bec="0" bev="0" fileid="2" />
                <SequencePoint vc="0" uspid="41" ordinal="17" sl="41" sc="1" el="41" ec="2" bec="0" bev="0" fileid="2" />
              </SequencePoints>
              <BranchPoints>
                <BranchPoint vc="0" uspid="29" ordinal="0" path="0" offset="160" offsetend="162" sl="29" fileid="2" />
                <BranchPoint vc="0" uspid="29" ordinal="1" path="1" offset="160" offsetend="180" sl="29" fileid="2" />
              </BranchPoints>
              <MethodPoint vc="0" uspid="0" p8:type="SequencePoint" ordinal="0" offset="0" sc="0" sl="12" ec="1" el="41" bec="0" bev="0" fileid="2" xmlns:p8="xsi" />
            </Method>
          </Methods>
        </Class>
        <Class>
          <Summary numSequencePoints="4" visitedSequencePoints="3" numBranchPoints="4" visitedBranchPoints="2" sequenceCoverage="75" branchCoverage="50" maxCyclomaticComplexity="4" minCyclomaticComplexity="4" visitedClasses="1" numClasses="1" visitedMethods="1" numMethods="1" />
          <FullName>VehicleRentalSystem.Validator.RentalValidator</FullName>
          <Methods>
            <Method cyclomaticComplexity="4" nPathComplexity="4" sequenceCoverage="75" branchCoverage="50" isConstructor="False" isGetter="False" isSetter="False" isStatic="True">
              <Summary numSequencePoints="4" visitedSequencePoints="3" numBranchPoints="4" visitedBranchPoints="2" sequenceCoverage="75" branchCoverage="50" maxCyclomaticComplexity="4" minCyclomaticComplexity="4" visitedClasses="0" numClasses="0" visitedMethods="1" numMethods="1" />
              <MetadataToken />
              <Name>System.Void VehicleRentalSystem.Validator.RentalValidator::CheckExpectedEndDateIsAfterStart(VehicleRentalSystem.DTO.RentalCreateDTO)</Name>
              <FileRef uid="3" />
              <SequencePoints>
                <SequencePoint vc="1" uspid="21" ordinal="0" sl="21" sc="1" el="21" ec="2" bec="0" bev="0" fileid="3" />
                <SequencePoint vc="1" uspid="22" ordinal="1" sl="22" sc="1" el="22" ec="2" bec="4" bev="2" fileid="3" />
                <SequencePoint vc="1" uspid="23" ordinal="2" sl="23" sc="1" el="23" ec="2" bec="0" bev="0" fileid="3" />
                <SequencePoint vc="0" uspid="24" ordinal="3" sl="24" sc="1" el="24" ec="2" bec="0" bev="0" fileid="3" />
              </SequencePoints>
              <BranchPoints>
                <BranchPoint vc="0" uspid="22" ordinal="0" path="0" offset="22" offsetend="24" sl="22" fileid="3" />
                <BranchPoint vc="1" uspid="22" ordinal="1" path="1" offset="22" offsetend="27" sl="22" fileid="3" />
                <BranchPoint vc="1" uspid="22" ordinal="2" path="0" offset="42" offsetend="44" sl="22" fileid="3" />
                <BranchPoint vc="0" uspid="22" ordinal="3" path="1" offset="42" offsetend="55" sl="22" fileid="3" />
              </BranchPoints>
              <MethodPoint vc="3" uspid="0" p8:type="SequencePoint" ordinal="0" offset="0" sc="0" sl="21" ec="1" el="24" bec="0" bev="0" fileid="3" xmlns:p8="xsi" />
            </Method>
          </Methods>
        </Class>
        <Class>
          <Summary numSequencePoints="6" visitedSequencePoints="0" numBranchPoints="2" visitedBranchPoints="0" sequenceCoverage="0" branchCoverage="0" maxCyclomaticComplexity="2" minCyclomaticComplexity="2" visitedClasses="0" numClasses="1" visitedMethods="0" numMethods="1" />
          <FullName>VehicleRentalSystem.Validator.RentalValidator/&lt;CheckIfUserExistsAsync&gt;d__0</FullName>
          <Methods>
            <Method cyclomaticComplexity="2" nPathComplexity="2" sequenceCoverage="0" branchCoverage="0" isConstructor="False" isGetter="False" isSetter="False" isStatic="True">
              <Summary numSequencePoints="6" visitedSequencePoints="0" numBranchPoints="2" visitedBranchPoints="0" sequenceCoverage="0" branchCoverage="0" maxCyclomaticComplexity="2" minCyclomaticComplexity="2" visitedClasses="0" numClasses="0" visitedMethods="0" numMethods="1" />
              <MetadataToken />
              <Name>System.Void VehicleRentalSystem.Validator.RentalValidator/&lt;CheckIfUserExistsAsync&gt;d__0::MoveNext()</Name>
              <FileRef uid="3" />
              <SequencePoints>
                <SequencePoint vc="0" uspid="11" ordinal="0" sl="11" sc="1" el="11" ec="2" bec="0" bev="0" fileid="3" />
                <SequencePoint vc="0" uspid="12" ordinal="1" sl="12" sc="1" el="12" ec="2" bec="0" bev="0" fileid="3" />
                <SequencePoint vc="0" uspid="14" ordinal="2" sl="14" sc="1" el="14" ec="2" bec="2" bev="0" fileid="3" />
                <SequencePoint vc="0" uspid="15" ordinal="3" sl="15" sc="1" el="15" ec="2" bec="0" bev="0" fileid="3" />
                <SequencePoint vc="0" uspid="17" ordinal="4" sl="17" sc="1" el="17" ec="2" bec="0" bev="0" fileid="3" />
                <SequencePoint vc="0" uspid="18" ordinal="5" sl="18" sc="1" el="18" ec="2" bec="0" bev="0" fileid="3" />
              </SequencePoints>
              <BranchPoints>
                <BranchPoint vc="0" uspid="14" ordinal="0" path="0" offset="159" offsetend="161" sl="14" fileid="3" />
                <BranchPoint vc="0" uspid="14" ordinal="1" path="1" offset="159" offsetend="172" sl="14" fileid="3" />
              </BranchPoints>
              <MethodPoint vc="0" uspid="0" p8:type="SequencePoint" ordinal="0" offset="0" sc="0" sl="11" ec="1" el="18" bec="0" bev="0" fileid="3" xmlns:p8="xsi" />
            </Method>
          </Methods>
        </Class>
        <Class>
          <Summary numSequencePoints="44" visitedSequencePoints="4" numBranchPoints="20" visitedBranchPoints="0" sequenceCoverage="9.09" branchCoverage="0" maxCyclomaticComplexity="12" minCyclomaticComplexity="1" visitedClasses="1" numClasses="1" visitedMethods="1" numMethods="3" />
          <FullName>VehicleRentalSystem.Services.RentalService</FullName>
          <Methods>
            <Method cyclomaticComplexity="8" nPathComplexity="8" sequenceCoverage="0" branchCoverage="0" isConstructor="False" isGetter="False" isSetter="False" isStatic="True">
              <Summary numSequencePoints="18" visitedSequencePoints="0" numBranchPoints="8" visitedBranchPoints="0" sequenceCoverage="0" branchCoverage="0" maxCyclomaticComplexity="8" minCyclomaticComplexity="8" visitedClasses="0" numClasses="0" visitedMethods="0" numMethods="1" />
              <MetadataToken />
              <Name>System.Collections.Generic.List`1&lt;VehicleRentalSystem.DTO.RentalResponseDTO&gt; VehicleRentalSystem.Services.RentalService::GetRentals()</Name>
              <FileRef uid="4" />
              <SequencePoints>
                <SequencePoint vc="0" uspid="20" ordinal="0" sl="20" sc="1" el="20" ec="2" bec="0" bev="0" fileid="4" />
                <SequencePoint vc="0" uspid="21" ordinal="1" sl="21" sc="1" el="21" ec="2" bec="0" bev="0" fileid="4" />
                <SequencePoint vc="0" uspid="23" ordinal="2" sl="23" sc="1" el="23" ec="2" bec="8" bev="0" fileid="4" />
                <SequencePoint vc="0" uspid="24" ordinal="3" sl="24" sc="1" el="24" ec="2" bec="0" bev="0" fileid="4" />
                <SequencePoint vc="0" uspid="25" ordinal="4" sl="25" sc="1" el="25" ec="2" bec="0" bev="0" fileid="4" />
                <SequencePoint vc="0" uspid="26" ordinal="5" sl="26" sc="1" el="26" ec="2" bec="0" bev="0" fileid="4" />
                <SequencePoint vc="0" uspid="27" ordinal="6" sl="27" sc="1" el="27" ec="2" bec="0" bev="0" fileid="4" />
                <SequencePoint vc="0" uspid="28" ordinal="7" sl="28" sc="1" el="28" ec="2" bec="0" bev="0" fileid="4" />
                <SequencePoint vc="0" uspid="29" ordinal="8" sl="29" sc="1" el="29" ec="2" bec="0" bev="0" fileid="4" />
                <SequencePoint vc="0" uspid="30" ordinal="9" sl="30" sc="1" el="30" ec="2" bec="0" bev="0" fileid="4" />
                <SequencePoint vc="0" uspid="31" ordinal="10" sl="31" sc="1" el="31" ec="2" bec="0" bev="0" fileid="4" />
                <SequencePoint vc="0" uspid="32" ordinal="11" sl="32" sc="1" el="32" ec="2" bec="0" bev="0" fileid="4" />
                <SequencePoint vc="0" uspid="33" ordinal="12" sl="33" sc="1" el="33" ec="2" bec="0" bev="0" fileid="4" />
                <SequencePoint vc="0" uspid="34" ordinal="13" sl="34" sc="1" el="34" ec="2" bec="0" bev="0" fileid="4" />
                <SequencePoint vc="0" uspid="35" ordinal="14" sl="35" sc="1" el="35" ec="2" bec="0" bev="0" fileid="4" />
                <SequencePoint vc="0" uspid="36" ordinal="15" sl="36" sc="1" el="36" ec="2" bec="0" bev="0" fileid="4" />
                <SequencePoint vc="0" uspid="37" ordinal="16" sl="37" sc="1" el="37" ec="2" bec="0" bev="0" fileid="4" />
                <SequencePoint vc="0" uspid="38" ordinal="17" sl="38" sc="1" el="38" ec="2" bec="0" bev="0" fileid="4" />
              </SequencePoints>
              <BranchPoints>
                <BranchPoint vc="0" uspid="23" ordinal="0" path="0" offset="143" offsetend="145" sl="23" fileid="4" />
                <BranchPoint vc="0" uspid="23" ordinal="1" path="1" offset="143" offsetend="149" sl="23" fileid="4" />
                <BranchPoint vc="0" uspid="23" ordinal="2" path="0" offset="155" offsetend="157" sl="23" fileid="4" />
                <BranchPoint vc="0" uspid="23" ordinal="3" path="1" offset="155" offsetend="163" sl="23" fileid="4" />
                <BranchPoint vc="0" uspid="23" ordinal="4" path="0" offset="177" offsetend="179" sl="23" fileid="4" />
                <BranchPoint vc="0" uspid="23" ordinal="5" path="1" offset="177" offsetend="183" sl="23" fileid="4" />
                <BranchPoint vc="0" uspid="23" ordinal="6" path="0" offset="189" offsetend="191" sl="23" fileid="4" />
                <BranchPoint vc="0" uspid="23" ordinal="7" path="1" offset="189" offsetend="197" sl="23" fileid="4" />
              </BranchPoints>
              <MethodPoint vc="0" uspid="0" p8:type="SequencePoint" ordinal="0" offset="0" sc="0" sl="20" ec="1" el="38" bec="0" bev="0" fileid="4" xmlns:p8="xsi" />
            </Method>
            <Method cyclomaticComplexity="12" nPathComplexity="12" sequenceCoverage="0" branchCoverage="0" isConstructor="False" isGetter="False" isSetter="False" isStatic="True">
              <Summary numSequencePoints="22" visitedSequencePoints="0" numBranchPoints="12" visitedBranchPoints="0" sequenceCoverage="0" branchCoverage="0" maxCyclomaticComplexity="12" minCyclomaticComplexity="12" visitedClasses="0" numClasses="0" visitedMethods="0" numMethods="1" />
              <MetadataToken />
              <Name>VehicleRentalSystem.DTO.RentalResponseDTO VehicleRentalSystem.Services.RentalService::GetRentalById(System.Guid)</Name>
              <FileRef uid="4" />
              <SequencePoints>
                <SequencePoint vc="0" uspid="41" ordinal="0" sl="41" sc="1" el="41" ec="2" bec="0" bev="0" fileid="4" />
                <SequencePoint vc="0" uspid="42" ordinal="1" sl="42" sc="1" el="42" ec="2" bec="2" bev="0" fileid="4" />
                <SequencePoint vc="0" uspid="43" ordinal="2" sl="43" sc="1" el="43" ec="2" bec="0" bev="0" fileid="4" />
                <SequencePoint vc="0" uspid="45" ordinal="3" sl="45" sc="1" el="45" ec="2" bec="0" bev="0" fileid="4" />
                <SequencePoint vc="0" uspid="47" ordinal="4" sl="47" sc="1" el="47" ec="2" bec="2" bev="0" fileid="4" />
                <SequencePoint vc="0" uspid="48" ordinal="5" sl="48" sc="1" el="48" ec="2" bec="0" bev="0" fileid="4" />
                <SequencePoint vc="0" uspid="50" ordinal="6" sl="50" sc="1" el="50" ec="2" bec="8" bev="0" fileid="4" />
                <SequencePoint vc="0" uspid="51" ordinal="7" sl="51" sc="1" el="51" ec="2" bec="0" bev="0" fileid="4" />
                <SequencePoint vc="0" uspid="52" ordinal="8" sl="52" sc="1" el="52" ec="2" bec="0" bev="0" fileid="4" />
                <SequencePoint vc="0" uspid="53" ordinal="9" sl="53" sc="1" el="53" ec="2" bec="0" bev="0" fileid="4" />
                <SequencePoint vc="0" uspid="54" ordinal="10" sl="54" sc="1" el="54" ec="2" bec="0" bev="0" fileid="4" />
                <SequencePoint vc="0" uspid="55" ordinal="11" sl="55" sc="1" el="55" ec="2" bec="0" bev="0" fileid="4" />
                <SequencePoint vc="0" uspid="56" ordinal="12" sl="56" sc="1" el="56" ec="2" bec="0" bev="0" fileid="4" />
                <SequencePoint vc="0" uspid="57" ordinal="13" sl="57" sc="1" el="57" ec="2" bec="0" bev="0" fileid="4" />
                <SequencePoint vc="0" uspid="58" ordinal="14" sl="58" sc="1" el="58" ec="2" bec="0" bev="0" fileid="4" />
                <SequencePoint vc="0" uspid="59" ordinal="15" sl="59" sc="1" el="59" ec="2" bec="0" bev="0" fileid="4" />
                <SequencePoint vc="0" uspid="60" ordinal="16" sl="60" sc="1" el="60" ec="2" bec="0" bev="0" fileid="4" />
                <SequencePoint vc="0" uspid="61" ordinal="17" sl="61" sc="1" el="61" ec="2" bec="0" bev="0" fileid="4" />
                <SequencePoint vc="0" uspid="62" ordinal="18" sl="62" sc="1" el="62" ec="2" bec="0" bev="0" fileid="4" />
                <SequencePoint vc="0" uspid="63" ordinal="19" sl="63" sc="1" el="63" ec="2" bec="0" bev="0" fileid="4" />
                <SequencePoint vc="0" uspid="64" ordinal="20" sl="64" sc="1" el="64" ec="2" bec="0" bev="0" fileid="4" />
                <SequencePoint vc="0" uspid="65" ordinal="21" sl="65" sc="1" el="65" ec="2" bec="0" bev="0" fileid="4" />
              </SequencePoints>
              <BranchPoints>
                <BranchPoint vc="0" uspid="42" ordinal="0" path="0" offset="14" offsetend="16" sl="42" fileid="4" />
                <BranchPoint vc="0" uspid="42" ordinal="1" path="1" offset="14" offsetend="23" sl="42" fileid="4" />
                <BranchPoint vc="0" uspid="47" ordinal="2" path="0" offset="42" offsetend="44" sl="47" fileid="4" />
                <BranchPoint vc="0" uspid="47" ordinal="3" path="1" offset="42" offsetend="51" sl="47" fileid="4" />
                <BranchPoint vc="0" uspid="50" ordinal="4" path="0" offset="194" offsetend="196" sl="50" fileid="4" />
                <BranchPoint vc="0" uspid="50" ordinal="5" path="1" offset="194" offsetend="200" sl="50" fileid="4" />
                <BranchPoint vc="0" uspid="50" ordinal="6" path="0" offset="206" offsetend="208" sl="50" fileid="4" />
                <BranchPoint vc="0" uspid="50" ordinal="7" path="1" offset="206" offsetend="214" sl="50" fileid="4" />
                <BranchPoint vc="0" uspid="50" ordinal="8" path="0" offset="228" offsetend="230" sl="50" fileid="4" />
                <BranchPoint vc="0" uspid="50" ordinal="9" path="1" offset="228" offsetend="234" sl="50" fileid="4" />
                <BranchPoint vc="0" uspid="50" ordinal="10" path="0" offset="240" offsetend="242" sl="50" fileid="4" />
                <BranchPoint vc="0" uspid="50" ordinal="11" path="1" offset="240" offsetend="248" sl="50" fileid="4" />
              </BranchPoints>
              <MethodPoint vc="0" uspid="0" p8:type="SequencePoint" ordinal="1" offset="1" sc="0" sl="41" ec="1" el="65" bec="0" bev="0" fileid="4" xmlns:p8="xsi" />
            </Method>
            <Method cyclomaticComplexity="1" nPathComplexity="1" sequenceCoverage="100" branchCoverage="100" isConstructor="True" isGetter="False" isSetter="False" isStatic="True">
              <Summary numSequencePoints="4" visitedSequencePoints="4" numBranchPoints="0" visitedBranchPoints="0" sequenceCoverage="100" branchCoverage="100" maxCyclomaticComplexity="1" minCyclomaticComplexity="1" visitedClasses="0" numClasses="0" visitedMethods="1" numMethods="1" />
              <MetadataToken />
              <Name>System.Void VehicleRentalSystem.Services.RentalService::.ctor(VehicleRentalSystem.Repositories.interfaces.IRentalRepository)</Name>
              <FileRef uid="4" />
              <SequencePoints>
                <SequencePoint vc="2" uspid="14" ordinal="0" sl="14" sc="1" el="14" ec="2" bec="0" bev="0" fileid="4" />
                <SequencePoint vc="2" uspid="15" ordinal="1" sl="15" sc="1" el="15" ec="2" bec="0" bev="0" fileid="4" />
                <SequencePoint vc="2" uspid="16" ordinal="2" sl="16" sc="1" el="16" ec="2" bec="0" bev="0" fileid="4" />
                <SequencePoint vc="2" uspid="17" ordinal="3" sl="17" sc="1" el="17" ec="2" bec="0" bev="0" fileid="4" />
              </SequencePoints>
              <BranchPoints />
              <MethodPoint vc="4" uspid="0" p8:type="SequencePoint" ordinal="2" offset="2" sc="0" sl="14" ec="1" el="17" bec="0" bev="0" fileid="4" xmlns:p8="xsi" />
            </Method>
          </Methods>
        </Class>
        <Class>
          <Summary numSequencePoints="30" visitedSequencePoints="0" numBranchPoints="16" visitedBranchPoints="0" sequenceCoverage="0" branchCoverage="0" maxCyclomaticComplexity="16" minCyclomaticComplexity="16" visitedClasses="0" numClasses="1" visitedMethods="0" numMethods="1" />
          <FullName>VehicleRentalSystem.Services.RentalService/&lt;CancelRentalAsync&gt;d__5</FullName>
          <Methods>
            <Method cyclomaticComplexity="16" nPathComplexity="16" sequenceCoverage="0" branchCoverage="0" isConstructor="False" isGetter="False" isSetter="False" isStatic="True">
              <Summary numSequencePoints="30" visitedSequencePoints="0" numBranchPoints="16" visitedBranchPoints="0" sequenceCoverage="0" branchCoverage="0" maxCyclomaticComplexity="16" minCyclomaticComplexity="16" visitedClasses="0" numClasses="0" visitedMethods="0" numMethods="1" />
              <MetadataToken />
              <Name>System.Void VehicleRentalSystem.Services.RentalService/&lt;CancelRentalAsync&gt;d__5::MoveNext()</Name>
              <FileRef uid="4" />
              <SequencePoints>
                <SequencePoint vc="0" uspid="139" ordinal="0" sl="139" sc="1" el="139" ec="2" bec="0" bev="0" fileid="4" />
                <SequencePoint vc="0" uspid="140" ordinal="1" sl="140" sc="1" el="140" ec="2" bec="2" bev="0" fileid="4" />
                <SequencePoint vc="0" uspid="141" ordinal="2" sl="141" sc="1" el="141" ec="2" bec="0" bev="0" fileid="4" />
                <SequencePoint vc="0" uspid="143" ordinal="3" sl="143" sc="1" el="143" ec="2" bec="0" bev="0" fileid="4" />
                <SequencePoint vc="0" uspid="145" ordinal="4" sl="145" sc="1" el="145" ec="2" bec="2" bev="0" fileid="4" />
                <SequencePoint vc="0" uspid="146" ordinal="5" sl="146" sc="1" el="146" ec="2" bec="0" bev="0" fileid="4" />
                <SequencePoint vc="0" uspid="148" ordinal="6" sl="148" sc="1" el="148" ec="2" bec="2" bev="0" fileid="4" />
                <SequencePoint vc="0" uspid="149" ordinal="7" sl="149" sc="1" el="149" ec="2" bec="0" bev="0" fileid="4" />
                <SequencePoint vc="0" uspid="151" ordinal="8" sl="151" sc="1" el="151" ec="2" bec="0" bev="0" fileid="4" />
                <SequencePoint vc="0" uspid="153" ordinal="9" sl="153" sc="1" el="153" ec="2" bec="2" bev="0" fileid="4" />
                <SequencePoint vc="0" uspid="154" ordinal="10" sl="154" sc="1" el="154" ec="2" bec="0" bev="0" fileid="4" />
                <SequencePoint vc="0" uspid="155" ordinal="11" sl="155" sc="1" el="155" ec="2" bec="0" bev="0" fileid="4" />
                <SequencePoint vc="0" uspid="156" ordinal="12" sl="156" sc="1" el="156" ec="2" bec="0" bev="0" fileid="4" />
                <SequencePoint vc="0" uspid="158" ordinal="13" sl="158" sc="1" el="158" ec="2" bec="0" bev="0" fileid="4" />
                <SequencePoint vc="0" uspid="160" ordinal="14" sl="160" sc="1" el="160" ec="2" bec="8" bev="0" fileid="4" />
                <SequencePoint vc="0" uspid="161" ordinal="15" sl="161" sc="1" el="161" ec="2" bec="0" bev="0" fileid="4" />
                <SequencePoint vc="0" uspid="162" ordinal="16" sl="162" sc="1" el="162" ec="2" bec="0" bev="0" fileid="4" />
                <SequencePoint vc="0" uspid="163" ordinal="17" sl="163" sc="1" el="163" ec="2" bec="0" bev="0" fileid="4" />
                <SequencePoint vc="0" uspid="164" ordinal="18" sl="164" sc="1" el="164" ec="2" bec="0" bev="0" fileid="4" />
                <SequencePoint vc="0" uspid="165" ordinal="19" sl="165" sc="1" el="165" ec="2" bec="0" bev="0" fileid="4" />
                <SequencePoint vc="0" uspid="166" ordinal="20" sl="166" sc="1" el="166" ec="2" bec="0" bev="0" fileid="4" />
                <SequencePoint vc="0" uspid="167" ordinal="21" sl="167" sc="1" el="167" ec="2" bec="0" bev="0" fileid="4" />
                <SequencePoint vc="0" uspid="168" ordinal="22" sl="168" sc="1" el="168" ec="2" bec="0" bev="0" fileid="4" />
                <SequencePoint vc="0" uspid="169" ordinal="23" sl="169" sc="1" el="169" ec="2" bec="0" bev="0" fileid="4" />
                <SequencePoint vc="0" uspid="170" ordinal="24" sl="170" sc="1" el="170" ec="2" bec="0" bev="0" fileid="4" />
                <SequencePoint vc="0" uspid="171" ordinal="25" sl="171" sc="1" el="171" ec="2" bec="0" bev="0" fileid="4" />
                <SequencePoint vc="0" uspid="172" ordinal="26" sl="172" sc="1" el="172" ec="2" bec="0" bev="0" fileid="4" />
                <SequencePoint vc="0" uspid="173" ordinal="27" sl="173" sc="1" el="173" ec="2" bec="0" bev="0" fileid="4" />
                <SequencePoint vc="0" uspid="174" ordinal="28" sl="174" sc="1" el="174" ec="2" bec="0" bev="0" fileid="4" />
                <SequencePoint vc="0" uspid="175" ordinal="29" sl="175" sc="1" el="175" ec="2" bec="0" bev="0" fileid="4" />
              </SequencePoints>
              <BranchPoints>
                <BranchPoint vc="0" uspid="140" ordinal="0" path="0" offset="44" offsetend="46" sl="140" fileid="4" />
                <BranchPoint vc="0" uspid="140" ordinal="1" path="1" offset="44" offsetend="57" sl="140" fileid="4" />
                <BranchPoint vc="0" uspid="145" ordinal="2" path="0" offset="207" offsetend="209" sl="145" fileid="4" />
                <BranchPoint vc="0" uspid="145" ordinal="3" path="1" offset="207" offsetend="220" sl="145" fileid="4" />
                <BranchPoint vc="0" uspid="148" ordinal="4" path="0" offset="256" offsetend="258" sl="148" fileid="4" />
                <BranchPoint vc="0" uspid="148" ordinal="5" path="1" offset="256" offsetend="290" sl="148" fileid="4" />
                <BranchPoint vc="0" uspid="153" ordinal="6" path="0" offset="336" offsetend="338" sl="153" fileid="4" />
                <BranchPoint vc="0" uspid="153" ordinal="7" path="1" offset="336" offsetend="373" sl="153" fileid="4" />
                <BranchPoint vc="0" uspid="160" ordinal="8" path="0" offset="681" offsetend="683" sl="160" fileid="4" />
                <BranchPoint vc="0" uspid="160" ordinal="9" path="1" offset="681" offsetend="687" sl="160" fileid="4" />
                <BranchPoint vc="0" uspid="160" ordinal="10" path="0" offset="693" offsetend="695" sl="160" fileid="4" />
                <BranchPoint vc="0" uspid="160" ordinal="11" path="1" offset="693" offsetend="701" sl="160" fileid="4" />
                <BranchPoint vc="0" uspid="160" ordinal="12" path="0" offset="720" offsetend="722" sl="160" fileid="4" />
                <BranchPoint vc="0" uspid="160" ordinal="13" path="1" offset="720" offsetend="726" sl="160" fileid="4" />
                <BranchPoint vc="0" uspid="160" ordinal="14" path="0" offset="732" offsetend="734" sl="160" fileid="4" />
                <BranchPoint vc="0" uspid="160" ordinal="15" path="1" offset="732" offsetend="740" sl="160" fileid="4" />
              </BranchPoints>
              <MethodPoint vc="0" uspid="0" p8:type="SequencePoint" ordinal="0" offset="0" sc="0" sl="139" ec="1" el="175" bec="0" bev="0" fileid="4" xmlns:p8="xsi" />
            </Method>
          </Methods>
        </Class>
        <Class>
          <Summary numSequencePoints="56" visitedSequencePoints="0" numBranchPoints="20" visitedBranchPoints="0" sequenceCoverage="0" branchCoverage="0" maxCyclomaticComplexity="20" minCyclomaticComplexity="20" visitedClasses="0" numClasses="1" visitedMethods="0" numMethods="1" />
          <FullName>VehicleRentalSystem.Services.RentalService/&lt;CreateRentalAsync&gt;d__4</FullName>
          <Methods>
            <Method cyclomaticComplexity="20" nPathComplexity="20" sequenceCoverage="0" branchCoverage="0" isConstructor="False" isGetter="False" isSetter="False" isStatic="True">
              <Summary numSequencePoints="56" visitedSequencePoints="0" numBranchPoints="20" visitedBranchPoints="0" sequenceCoverage="0" branchCoverage="0" maxCyclomaticComplexity="20" minCyclomaticComplexity="20" visitedClasses="0" numClasses="0" visitedMethods="0" numMethods="1" />
              <MetadataToken />
              <Name>System.Void VehicleRentalSystem.Services.RentalService/&lt;CreateRentalAsync&gt;d__4::MoveNext()</Name>
              <FileRef uid="4" />
              <SequencePoints>
                <SequencePoint vc="0" uspid="68" ordinal="0" sl="68" sc="1" el="68" ec="2" bec="0" bev="0" fileid="4" />
                <SequencePoint vc="0" uspid="69" ordinal="1" sl="69" sc="1" el="69" ec="2" bec="2" bev="0" fileid="4" />
                <SequencePoint vc="0" uspid="70" ordinal="2" sl="70" sc="1" el="70" ec="2" bec="0" bev="0" fileid="4" />
                <SequencePoint vc="0" uspid="72" ordinal="3" sl="72" sc="1" el="72" ec="2" bec="2" bev="0" fileid="4" />
                <SequencePoint vc="0" uspid="73" ordinal="4" sl="73" sc="1" el="73" ec="2" bec="0" bev="0" fileid="4" />
                <SequencePoint vc="0" uspid="75" ordinal="5" sl="75" sc="1" el="75" ec="2" bec="2" bev="0" fileid="4" />
                <SequencePoint vc="0" uspid="76" ordinal="6" sl="76" sc="1" el="76" ec="2" bec="0" bev="0" fileid="4" />
                <SequencePoint vc="0" uspid="78" ordinal="7" sl="78" sc="1" el="78" ec="2" bec="4" bev="0" fileid="4" />
                <SequencePoint vc="0" uspid="79" ordinal="8" sl="79" sc="1" el="79" ec="2" bec="0" bev="0" fileid="4" />
                <SequencePoint vc="0" uspid="81" ordinal="9" sl="81" sc="1" el="81" ec="2" bec="0" bev="0" fileid="4" />
                <SequencePoint vc="0" uspid="82" ordinal="10" sl="82" sc="1" el="82" ec="2" bec="2" bev="0" fileid="4" />
                <SequencePoint vc="0" uspid="83" ordinal="11" sl="83" sc="1" el="83" ec="2" bec="0" bev="0" fileid="4" />
                <SequencePoint vc="0" uspid="85" ordinal="12" sl="85" sc="1" el="85" ec="2" bec="0" bev="0" fileid="4" />
                <SequencePoint vc="0" uspid="86" ordinal="13" sl="86" sc="1" el="86" ec="2" bec="2" bev="0" fileid="4" />
                <SequencePoint vc="0" uspid="87" ordinal="14" sl="87" sc="1" el="87" ec="2" bec="0" bev="0" fileid="4" />
                <SequencePoint vc="0" uspid="89" ordinal="15" sl="89" sc="1" el="89" ec="2" bec="2" bev="0" fileid="4" />
                <SequencePoint vc="0" uspid="90" ordinal="16" sl="90" sc="1" el="90" ec="2" bec="0" bev="0" fileid="4" />
                <SequencePoint vc="0" uspid="92" ordinal="17" sl="92" sc="1" el="92" ec="2" bec="2" bev="0" fileid="4" />
                <SequencePoint vc="0" uspid="93" ordinal="18" sl="93" sc="1" el="93" ec="2" bec="0" bev="0" fileid="4" />
                <SequencePoint vc="0" uspid="94" ordinal="19" sl="94" sc="1" el="94" ec="2" bec="0" bev="0" fileid="4" />
                <SequencePoint vc="0" uspid="95" ordinal="20" sl="95" sc="1" el="95" ec="2" bec="0" bev="0" fileid="4" />
                <SequencePoint vc="0" uspid="97" ordinal="21" sl="97" sc="1" el="97" ec="2" bec="0" bev="0" fileid="4" />
                <SequencePoint vc="0" uspid="99" ordinal="22" sl="99" sc="1" el="99" ec="2" bec="0" bev="0" fileid="4" />
                <SequencePoint vc="0" uspid="100" ordinal="23" sl="100" sc="1" el="100" ec="2" bec="0" bev="0" fileid="4" />
                <SequencePoint vc="0" uspid="101" ordinal="24" sl="101" sc="1" el="101" ec="2" bec="0" bev="0" fileid="4" />
                <SequencePoint vc="0" uspid="102" ordinal="25" sl="102" sc="1" el="102" ec="2" bec="0" bev="0" fileid="4" />
                <SequencePoint vc="0" uspid="103" ordinal="26" sl="103" sc="1" el="103" ec="2" bec="0" bev="0" fileid="4" />
                <SequencePoint vc="0" uspid="104" ordinal="27" sl="104" sc="1" el="104" ec="2" bec="0" bev="0" fileid="4" />
                <SequencePoint vc="0" uspid="105" ordinal="28" sl="105" sc="1" el="105" ec="2" bec="0" bev="0" fileid="4" />
                <SequencePoint vc="0" uspid="106" ordinal="29" sl="106" sc="1" el="106" ec="2" bec="0" bev="0" fileid="4" />
                <SequencePoint vc="0" uspid="107" ordinal="30" sl="107" sc="1" el="107" ec="2" bec="0" bev="0" fileid="4" />
                <SequencePoint vc="0" uspid="108" ordinal="31" sl="108" sc="1" el="108" ec="2" bec="0" bev="0" fileid="4" />
                <SequencePoint vc="0" uspid="109" ordinal="32" sl="109" sc="1" el="109" ec="2" bec="0" bev="0" fileid="4" />
                <SequencePoint vc="0" uspid="110" ordinal="33" sl="110" sc="1" el="110" ec="2" bec="0" bev="0" fileid="4" />
                <SequencePoint vc="0" uspid="111" ordinal="34" sl="111" sc="1" el="111" ec="2" bec="0" bev="0" fileid="4" />
                <SequencePoint vc="0" uspid="113" ordinal="35" sl="113" sc="1" el="113" ec="2" bec="0" bev="0" fileid="4" />
                <SequencePoint vc="0" uspid="115" ordinal="36" sl="115" sc="1" el="115" ec="2" bec="0" bev="0" fileid="4" />
                <SequencePoint vc="0" uspid="116" ordinal="37" sl="116" sc="1" el="116" ec="2" bec="0" bev="0" fileid="4" />
                <SequencePoint vc="0" uspid="118" ordinal="38" sl="118" sc="1" el="118" ec="2" bec="2" bev="0" fileid="4" />
                <SequencePoint vc="0" uspid="119" ordinal="39" sl="119" sc="1" el="119" ec="2" bec="0" bev="0" fileid="4" />
                <SequencePoint vc="0" uspid="121" ordinal="40" sl="121" sc="1" el="121" ec="2" bec="0" bev="0" fileid="4" />
                <SequencePoint vc="0" uspid="122" ordinal="41" sl="122" sc="1" el="122" ec="2" bec="0" bev="0" fileid="4" />
                <SequencePoint vc="0" uspid="123" ordinal="42" sl="123" sc="1" el="123" ec="2" bec="0" bev="0" fileid="4" />
                <SequencePoint vc="0" uspid="124" ordinal="43" sl="124" sc="1" el="124" ec="2" bec="0" bev="0" fileid="4" />
                <SequencePoint vc="0" uspid="125" ordinal="44" sl="125" sc="1" el="125" ec="2" bec="0" bev="0" fileid="4" />
                <SequencePoint vc="0" uspid="126" ordinal="45" sl="126" sc="1" el="126" ec="2" bec="0" bev="0" fileid="4" />
                <SequencePoint vc="0" uspid="127" ordinal="46" sl="127" sc="1" el="127" ec="2" bec="0" bev="0" fileid="4" />
                <SequencePoint vc="0" uspid="128" ordinal="47" sl="128" sc="1" el="128" ec="2" bec="0" bev="0" fileid="4" />
                <SequencePoint vc="0" uspid="129" ordinal="48" sl="129" sc="1" el="129" ec="2" bec="0" bev="0" fileid="4" />
                <SequencePoint vc="0" uspid="130" ordinal="49" sl="130" sc="1" el="130" ec="2" bec="0" bev="0" fileid="4" />
                <SequencePoint vc="0" uspid="131" ordinal="50" sl="131" sc="1" el="131" ec="2" bec="0" bev="0" fileid="4" />
                <SequencePoint vc="0" uspid="132" ordinal="51" sl="132" sc="1" el="132" ec="2" bec="0" bev="0" fileid="4" />
                <SequencePoint vc="0" uspid="133" ordinal="52" sl="133" sc="1" el="133" ec="2" bec="0" bev="0" fileid="4" />
                <SequencePoint vc="0" uspid="134" ordinal="53" sl="134" sc="1" el="134" ec="2" bec="0" bev="0" fileid="4" />
                <SequencePoint vc="0" uspid="135" ordinal="54" sl="135" sc="1" el="135" ec="2" bec="0" bev="0" fileid="4" />
                <SequencePoint vc="0" uspid="136" ordinal="55" sl="136" sc="1" el="136" ec="2" bec="0" bev="0" fileid="4" />
              </SequencePoints>
              <BranchPoints>
                <BranchPoint vc="0" uspid="69" ordinal="0" path="0" offset="75" offsetend="77" sl="69" fileid="4" />
                <BranchPoint vc="0" uspid="69" ordinal="1" path="1" offset="75" offsetend="88" sl="69" fileid="4" />
                <BranchPoint vc="0" uspid="72" ordinal="2" path="0" offset="111" offsetend="113" sl="72" fileid="4" />
                <BranchPoint vc="0" uspid="72" ordinal="3" path="1" offset="111" offsetend="124" sl="72" fileid="4" />
                <BranchPoint vc="0" uspid="75" ordinal="4" path="0" offset="154" offsetend="156" sl="75" fileid="4" />
                <BranchPoint vc="0" uspid="75" ordinal="5" path="1" offset="154" offsetend="167" sl="75" fileid="4" />
                <BranchPoint vc="0" uspid="78" ordinal="6" path="0" offset="200" offsetend="202" sl="78" fileid="4" />
                <BranchPoint vc="0" uspid="78" ordinal="7" path="1" offset="200" offsetend="205" sl="78" fileid="4" />
                <BranchPoint vc="0" uspid="78" ordinal="8" path="0" offset="223" offsetend="225" sl="78" fileid="4" />
                <BranchPoint vc="0" uspid="78" ordinal="9" path="1" offset="223" offsetend="236" sl="78" fileid="4" />
                <BranchPoint vc="0" uspid="82" ordinal="10" path="0" offset="394" offsetend="396" sl="82" fileid="4" />
                <BranchPoint vc="0" uspid="82" ordinal="11" path="1" offset="394" offsetend="407" sl="82" fileid="4" />
                <BranchPoint vc="0" uspid="86" ordinal="12" path="0" offset="565" offsetend="567" sl="86" fileid="4" />
                <BranchPoint vc="0" uspid="86" ordinal="13" path="1" offset="565" offsetend="578" sl="86" fileid="4" />
                <BranchPoint vc="0" uspid="89" ordinal="14" path="0" offset="599" offsetend="601" sl="89" fileid="4" />
                <BranchPoint vc="0" uspid="89" ordinal="15" path="1" offset="599" offsetend="608" sl="89" fileid="4" />
                <BranchPoint vc="0" uspid="92" ordinal="16" path="0" offset="687" offsetend="689" sl="92" fileid="4" />
                <BranchPoint vc="0" uspid="92" ordinal="17" path="1" offset="687" offsetend="698" sl="92" fileid="4" />
                <BranchPoint vc="0" uspid="118" ordinal="18" path="0" offset="1233" offsetend="1235" sl="118" fileid="4" />
                <BranchPoint vc="0" uspid="118" ordinal="19" path="1" offset="1233" offsetend="1246" sl="118" fileid="4" />
              </BranchPoints>
              <MethodPoint vc="0" uspid="0" p8:type="SequencePoint" ordinal="0" offset="0" sc="0" sl="68" ec="1" el="136" bec="0" bev="0" fileid="4" xmlns:p8="xsi" />
            </Method>
          </Methods>
        </Class>
        <Class>
          <Summary numSequencePoints="36" visitedSequencePoints="0" numBranchPoints="18" visitedBranchPoints="0" sequenceCoverage="0" branchCoverage="0" maxCyclomaticComplexity="18" minCyclomaticComplexity="18" visitedClasses="0" numClasses="1" visitedMethods="0" numMethods="1" />
          <FullName>VehicleRentalSystem.Services.RentalService/&lt;ReturnRentalAsync&gt;d__7</FullName>
          <Methods>
            <Method cyclomaticComplexity="18" nPathComplexity="18" sequenceCoverage="0" branchCoverage="0" isConstructor="False" isGetter="False" isSetter="False" isStatic="True">
              <Summary numSequencePoints="36" visitedSequencePoints="0" numBranchPoints="18" visitedBranchPoints="0" sequenceCoverage="0" branchCoverage="0" maxCyclomaticComplexity="18" minCyclomaticComplexity="18" visitedClasses="0" numClasses="0" visitedMethods="0" numMethods="1" />
              <MetadataToken />
              <Name>System.Void VehicleRentalSystem.Services.RentalService/&lt;ReturnRentalAsync&gt;d__7::MoveNext()</Name>
              <FileRef uid="4" />
              <SequencePoints>
                <SequencePoint vc="0" uspid="217" ordinal="0" sl="217" sc="1" el="217" ec="2" bec="0" bev="0" fileid="4" />
                <SequencePoint vc="0" uspid="218" ordinal="1" sl="218" sc="1" el="218" ec="2" bec="2" bev="0" fileid="4" />
                <SequencePoint vc="0" uspid="219" ordinal="2" sl="219" sc="1" el="219" ec="2" bec="0" bev="0" fileid="4" />
                <SequencePoint vc="0" uspid="221" ordinal="3" sl="221" sc="1" el="221" ec="2" bec="0" bev="0" fileid="4" />
                <SequencePoint vc="0" uspid="223" ordinal="4" sl="223" sc="1" el="223" ec="2" bec="2" bev="0" fileid="4" />
                <SequencePoint vc="0" uspid="224" ordinal="5" sl="224" sc="1" el="224" ec="2" bec="0" bev="0" fileid="4" />
                <SequencePoint vc="0" uspid="226" ordinal="6" sl="226" sc="1" el="226" ec="2" bec="2" bev="0" fileid="4" />
                <SequencePoint vc="0" uspid="227" ordinal="7" sl="227" sc="1" el="227" ec="2" bec="0" bev="0" fileid="4" />
                <SequencePoint vc="0" uspid="229" ordinal="8" sl="229" sc="1" el="229" ec="2" bec="0" bev="0" fileid="4" />
                <SequencePoint vc="0" uspid="230" ordinal="9" sl="230" sc="1" el="230" ec="2" bec="0" bev="0" fileid="4" />
                <SequencePoint vc="0" uspid="232" ordinal="10" sl="232" sc="1" el="232" ec="2" bec="0" bev="0" fileid="4" />
                <SequencePoint vc="0" uspid="233" ordinal="11" sl="233" sc="1" el="233" ec="2" bec="2" bev="0" fileid="4" />
                <SequencePoint vc="0" uspid="234" ordinal="12" sl="234" sc="1" el="234" ec="2" bec="0" bev="0" fileid="4" />
                <SequencePoint vc="0" uspid="236" ordinal="13" sl="236" sc="1" el="236" ec="2" bec="0" bev="0" fileid="4" />
                <SequencePoint vc="0" uspid="237" ordinal="14" sl="237" sc="1" el="237" ec="2" bec="2" bev="0" fileid="4" />
                <SequencePoint vc="0" uspid="238" ordinal="15" sl="238" sc="1" el="238" ec="2" bec="0" bev="0" fileid="4" />
                <SequencePoint vc="0" uspid="240" ordinal="16" sl="240" sc="1" el="240" ec="2" bec="0" bev="0" fileid="4" />
                <SequencePoint vc="0" uspid="242" ordinal="17" sl="242" sc="1" el="242" ec="2" bec="0" bev="0" fileid="4" />
                <SequencePoint vc="0" uspid="244" ordinal="18" sl="244" sc="1" el="244" ec="2" bec="0" bev="0" fileid="4" />
                <SequencePoint vc="0" uspid="246" ordinal="19" sl="246" sc="1" el="246" ec="2" bec="0" bev="0" fileid="4" />
                <SequencePoint vc="0" uspid="248" ordinal="20" sl="248" sc="1" el="248" ec="2" bec="8" bev="0" fileid="4" />
                <SequencePoint vc="0" uspid="249" ordinal="21" sl="249" sc="1" el="249" ec="2" bec="0" bev="0" fileid="4" />
                <SequencePoint vc="0" uspid="250" ordinal="22" sl="250" sc="1" el="250" ec="2" bec="0" bev="0" fileid="4" />
                <SequencePoint vc="0" uspid="251" ordinal="23" sl="251" sc="1" el="251" ec="2" bec="0" bev="0" fileid="4" />
                <SequencePoint vc="0" uspid="252" ordinal="24" sl="252" sc="1" el="252" ec="2" bec="0" bev="0" fileid="4" />
                <SequencePoint vc="0" uspid="253" ordinal="25" sl="253" sc="1" el="253" ec="2" bec="0" bev="0" fileid="4" />
                <SequencePoint vc="0" uspid="254" ordinal="26" sl="254" sc="1" el="254" ec="2" bec="0" bev="0" fileid="4" />
                <SequencePoint vc="0" uspid="255" ordinal="27" sl="255" sc="1" el="255" ec="2" bec="0" bev="0" fileid="4" />
                <SequencePoint vc="0" uspid="256" ordinal="28" sl="256" sc="1" el="256" ec="2" bec="0" bev="0" fileid="4" />
                <SequencePoint vc="0" uspid="257" ordinal="29" sl="257" sc="1" el="257" ec="2" bec="0" bev="0" fileid="4" />
                <SequencePoint vc="0" uspid="258" ordinal="30" sl="258" sc="1" el="258" ec="2" bec="0" bev="0" fileid="4" />
                <SequencePoint vc="0" uspid="259" ordinal="31" sl="259" sc="1" el="259" ec="2" bec="0" bev="0" fileid="4" />
                <SequencePoint vc="0" uspid="260" ordinal="32" sl="260" sc="1" el="260" ec="2" bec="0" bev="0" fileid="4" />
                <SequencePoint vc="0" uspid="261" ordinal="33" sl="261" sc="1" el="261" ec="2" bec="0" bev="0" fileid="4" />
                <SequencePoint vc="0" uspid="262" ordinal="34" sl="262" sc="1" el="262" ec="2" bec="0" bev="0" fileid="4" />
                <SequencePoint vc="0" uspid="263" ordinal="35" sl="263" sc="1" el="263" ec="2" bec="0" bev="0" fileid="4" />
              </SequencePoints>
              <BranchPoints>
                <BranchPoint vc="0" uspid="218" ordinal="0" path="0" offset="44" offsetend="46" sl="218" fileid="4" />
                <BranchPoint vc="0" uspid="218" ordinal="1" path="1" offset="44" offsetend="57" sl="218" fileid="4" />
                <BranchPoint vc="0" uspid="223" ordinal="2" path="0" offset="207" offsetend="209" sl="223" fileid="4" />
                <BranchPoint vc="0" uspid="223" ordinal="3" path="1" offset="207" offsetend="220" sl="223" fileid="4" />
                <BranchPoint vc="0" uspid="226" ordinal="4" path="0" offset="256" offsetend="258" sl="226" fileid="4" />
                <BranchPoint vc="0" uspid="226" ordinal="5" path="1" offset="256" offsetend="269" sl="226" fileid="4" />
                <BranchPoint vc="0" uspid="233" ordinal="6" path="0" offset="367" offsetend="369" sl="233" fileid="4" />
                <BranchPoint vc="0" uspid="233" ordinal="7" path="1" offset="367" offsetend="376" sl="233" fileid="4" />
                <BranchPoint vc="0" uspid="237" ordinal="8" path="0" offset="401" offsetend="403" sl="237" fileid="4" />
                <BranchPoint vc="0" uspid="237" ordinal="9" path="1" offset="401" offsetend="436" sl="237" fileid="4" />
                <BranchPoint vc="0" uspid="248" ordinal="10" path="0" offset="828" offsetend="830" sl="248" fileid="4" />
                <BranchPoint vc="0" uspid="248" ordinal="11" path="1" offset="828" offsetend="834" sl="248" fileid="4" />
                <BranchPoint vc="0" uspid="248" ordinal="12" path="0" offset="840" offsetend="842" sl="248" fileid="4" />
                <BranchPoint vc="0" uspid="248" ordinal="13" path="1" offset="840" offsetend="848" sl="248" fileid="4" />
                <BranchPoint vc="0" uspid="248" ordinal="14" path="0" offset="867" offsetend="869" sl="248" fileid="4" />
                <BranchPoint vc="0" uspid="248" ordinal="15" path="1" offset="867" offsetend="873" sl="248" fileid="4" />
                <BranchPoint vc="0" uspid="248" ordinal="16" path="0" offset="879" offsetend="881" sl="248" fileid="4" />
                <BranchPoint vc="0" uspid="248" ordinal="17" path="1" offset="879" offsetend="887" sl="248" fileid="4" />
              </BranchPoints>
              <MethodPoint vc="0" uspid="0" p8:type="SequencePoint" ordinal="0" offset="0" sc="0" sl="217" ec="1" el="263" bec="0" bev="0" fileid="4" xmlns:p8="xsi" />
            </Method>
          </Methods>
        </Class>
        <Class>
          <Summary numSequencePoints="29" visitedSequencePoints="27" numBranchPoints="16" visitedBranchPoints="11" sequenceCoverage="93.1" branchCoverage="68.75" maxCyclomaticComplexity="16" minCyclomaticComplexity="16" visitedClasses="1" numClasses="1" visitedMethods="1" numMethods="1" />
          <FullName>VehicleRentalSystem.Services.RentalService/&lt;UpdateRentalDatesAsync&gt;d__6</FullName>
          <Methods>
            <Method cyclomaticComplexity="16" nPathComplexity="16" sequenceCoverage="93.1" branchCoverage="68.75" isConstructor="False" isGetter="False" isSetter="False" isStatic="True">
              <Summary numSequencePoints="29" visitedSequencePoints="27" numBranchPoints="16" visitedBranchPoints="11" sequenceCoverage="93.1" branchCoverage="68.75" maxCyclomaticComplexity="16" minCyclomaticComplexity="16" visitedClasses="0" numClasses="0" visitedMethods="1" numMethods="1" />
              <MetadataToken />
              <Name>System.Void VehicleRentalSystem.Services.RentalService/&lt;UpdateRentalDatesAsync&gt;d__6::MoveNext()</Name>
              <FileRef uid="4" />
              <SequencePoints>
                <SequencePoint vc="2" uspid="178" ordinal="0" sl="178" sc="1" el="178" ec="2" bec="0" bev="0" fileid="4" />
                <SequencePoint vc="2" uspid="179" ordinal="1" sl="179" sc="1" el="179" ec="2" bec="0" bev="0" fileid="4" />
                <SequencePoint vc="2" uspid="181" ordinal="2" sl="181" sc="1" el="181" ec="2" bec="2" bev="1" fileid="4" />
                <SequencePoint vc="0" uspid="182" ordinal="3" sl="182" sc="1" el="182" ec="2" bec="0" bev="0" fileid="4" />
                <SequencePoint vc="2" uspid="184" ordinal="4" sl="184" sc="1" el="184" ec="2" bec="2" bev="1" fileid="4" />
                <SequencePoint vc="0" uspid="185" ordinal="5" sl="185" sc="1" el="185" ec="2" bec="0" bev="0" fileid="4" />
                <SequencePoint vc="2" uspid="187" ordinal="6" sl="187" sc="1" el="187" ec="2" bec="2" bev="2" fileid="4" />
                <SequencePoint vc="1" uspid="188" ordinal="7" sl="188" sc="1" el="188" ec="2" bec="0" bev="0" fileid="4" />
                <SequencePoint vc="1" uspid="190" ordinal="8" sl="190" sc="1" el="190" ec="2" bec="0" bev="0" fileid="4" />
                <SequencePoint vc="1" uspid="192" ordinal="9" sl="192" sc="1" el="192" ec="2" bec="2" bev="1" fileid="4" />
                <SequencePoint vc="1" uspid="194" ordinal="10" sl="194" sc="1" el="194" ec="2" bec="0" bev="0" fileid="4" />
                <SequencePoint vc="1" uspid="195" ordinal="11" sl="195" sc="1" el="195" ec="2" bec="0" bev="0" fileid="4" />
                <SequencePoint vc="1" uspid="197" ordinal="12" sl="197" sc="1" el="197" ec="2" bec="0" bev="0" fileid="4" />
                <SequencePoint vc="1" uspid="199" ordinal="13" sl="199" sc="1" el="199" ec="2" bec="8" bev="6" fileid="4" />
                <SequencePoint vc="1" uspid="200" ordinal="14" sl="200" sc="1" el="200" ec="2" bec="0" bev="0" fileid="4" />
                <SequencePoint vc="1" uspid="201" ordinal="15" sl="201" sc="1" el="201" ec="2" bec="0" bev="0" fileid="4" />
                <SequencePoint vc="1" uspid="202" ordinal="16" sl="202" sc="1" el="202" ec="2" bec="0" bev="0" fileid="4" />
                <SequencePoint vc="1" uspid="203" ordinal="17" sl="203" sc="1" el="203" ec="2" bec="0" bev="0" fileid="4" />
                <SequencePoint vc="1" uspid="204" ordinal="18" sl="204" sc="1" el="204" ec="2" bec="0" bev="0" fileid="4" />
                <SequencePoint vc="1" uspid="205" ordinal="19" sl="205" sc="1" el="205" ec="2" bec="0" bev="0" fileid="4" />
                <SequencePoint vc="1" uspid="206" ordinal="20" sl="206" sc="1" el="206" ec="2" bec="0" bev="0" fileid="4" />
                <SequencePoint vc="1" uspid="207" ordinal="21" sl="207" sc="1" el="207" ec="2" bec="0" bev="0" fileid="4" />
                <SequencePoint vc="1" uspid="208" ordinal="22" sl="208" sc="1" el="208" ec="2" bec="0" bev="0" fileid="4" />
                <SequencePoint vc="1" uspid="209" ordinal="23" sl="209" sc="1" el="209" ec="2" bec="0" bev="0" fileid="4" />
                <SequencePoint vc="1" uspid="210" ordinal="24" sl="210" sc="1" el="210" ec="2" bec="0" bev="0" fileid="4" />
                <SequencePoint vc="1" uspid="211" ordinal="25" sl="211" sc="1" el="211" ec="2" bec="0" bev="0" fileid="4" />
                <SequencePoint vc="1" uspid="212" ordinal="26" sl="212" sc="1" el="212" ec="2" bec="0" bev="0" fileid="4" />
                <SequencePoint vc="1" uspid="213" ordinal="27" sl="213" sc="1" el="213" ec="2" bec="0" bev="0" fileid="4" />
                <SequencePoint vc="1" uspid="214" ordinal="28" sl="214" sc="1" el="214" ec="2" bec="0" bev="0" fileid="4" />
              </SequencePoints>
              <BranchPoints>
                <BranchPoint vc="0" uspid="181" ordinal="0" path="0" offset="175" offsetend="177" sl="181" fileid="4" />
                <BranchPoint vc="2" uspid="181" ordinal="1" path="1" offset="175" offsetend="188" sl="181" fileid="4" />
                <BranchPoint vc="0" uspid="184" ordinal="2" path="0" offset="224" offsetend="226" sl="184" fileid="4" />
                <BranchPoint vc="2" uspid="184" ordinal="3" path="1" offset="224" offsetend="253" sl="184" fileid="4" />
                <BranchPoint vc="1" uspid="187" ordinal="4" path="0" offset="284" offsetend="286" sl="187" fileid="4" />
                <BranchPoint vc="1" uspid="187" ordinal="5" path="1" offset="284" offsetend="297" sl="187" fileid="4" />
                <BranchPoint vc="0" uspid="192" ordinal="6" path="0" offset="373" offsetend="375" sl="192" fileid="4" />
                <BranchPoint vc="1" uspid="192" ordinal="7" path="1" offset="373" offsetend="382" sl="192" fileid="4" />
                <BranchPoint vc="1" uspid="199" ordinal="8" path="0" offset="762" offsetend="764" sl="199" fileid="4" />
                <BranchPoint vc="0" uspid="199" ordinal="9" path="1" offset="762" offsetend="768" sl="199" fileid="4" />
                <BranchPoint vc="1" uspid="199" ordinal="10" path="0" offset="774" offsetend="776" sl="199" fileid="4" />
                <BranchPoint vc="1" uspid="199" ordinal="11" path="1" offset="774" offsetend="782" sl="199" fileid="4" />
                <BranchPoint vc="1" uspid="199" ordinal="12" path="0" offset="801" offsetend="803" sl="199" fileid="4" />
                <BranchPoint vc="0" uspid="199" ordinal="13" path="1" offset="801" offsetend="807" sl="199" fileid="4" />
                <BranchPoint vc="1" uspid="199" ordinal="14" path="0" offset="813" offsetend="815" sl="199" fileid="4" />
                <BranchPoint vc="1" uspid="199" ordinal="15" path="1" offset="813" offsetend="821" sl="199" fileid="4" />
              </BranchPoints>
              <MethodPoint vc="27" uspid="0" p8:type="SequencePoint" ordinal="0" offset="0" sc="0" sl="178" ec="1" el="214" bec="0" bev="0" fileid="4" xmlns:p8="xsi" />
            </Method>
          </Methods>
        </Class>
        <Class>
          <Summary numSequencePoints="16" visitedSequencePoints="0" numBranchPoints="0" visitedBranchPoints="0" sequenceCoverage="0" branchCoverage="100" maxCyclomaticComplexity="1" minCyclomaticComplexity="1" visitedClasses="0" numClasses="1" visitedMethods="0" numMethods="3" />
          <FullName>VehicleRentalSystem.Repositories.RentalRepository</FullName>
          <Methods>
            <Method cyclomaticComplexity="1" nPathComplexity="1" sequenceCoverage="0" branchCoverage="100" isConstructor="False" isGetter="False" isSetter="False" isStatic="True">
              <Summary numSequencePoints="6" visitedSequencePoints="0" numBranchPoints="0" visitedBranchPoints="0" sequenceCoverage="0" branchCoverage="100" maxCyclomaticComplexity="1" minCyclomaticComplexity="1" visitedClasses="0" numClasses="0" visitedMethods="0" numMethods="1" />
              <MetadataToken />
              <Name>System.Collections.Generic.List`1&lt;VehicleRentalSystem.Models.TbRental&gt; VehicleRentalSystem.Repositories.RentalRepository::SelectRentals()</Name>
              <FileRef uid="5" />
              <SequencePoints>
                <SequencePoint vc="0" uspid="17" ordinal="0" sl="17" sc="1" el="17" ec="2" bec="0" bev="0" fileid="5" />
                <SequencePoint vc="0" uspid="18" ordinal="1" sl="18" sc="1" el="18" ec="2" bec="0" bev="0" fileid="5" />
                <SequencePoint vc="0" uspid="19" ordinal="2" sl="19" sc="1" el="19" ec="2" bec="0" bev="0" fileid="5" />
                <SequencePoint vc="0" uspid="20" ordinal="3" sl="20" sc="1" el="20" ec="2" bec="0" bev="0" fileid="5" />
                <SequencePoint vc="0" uspid="21" ordinal="4" sl="21" sc="1" el="21" ec="2" bec="0" bev="0" fileid="5" />
                <SequencePoint vc="0" uspid="22" ordinal="5" sl="22" sc="1" el="22" ec="2" bec="0" bev="0" fileid="5" />
              </SequencePoints>
              <BranchPoints />
              <MethodPoint vc="0" uspid="0" p8:type="SequencePoint" ordinal="0" offset="0" sc="0" sl="17" ec="1" el="22" bec="0" bev="0" fileid="5" xmlns:p8="xsi" />
            </Method>
            <Method cyclomaticComplexity="1" nPathComplexity="1" sequenceCoverage="0" branchCoverage="100" isConstructor="False" isGetter="False" isSetter="False" isStatic="True">
              <Summary numSequencePoints="6" visitedSequencePoints="0" numBranchPoints="0" visitedBranchPoints="0" sequenceCoverage="0" branchCoverage="100" maxCyclomaticComplexity="1" minCyclomaticComplexity="1" visitedClasses="0" numClasses="0" visitedMethods="0" numMethods="1" />
              <MetadataToken />
              <Name>VehicleRentalSystem.Models.TbRental VehicleRentalSystem.Repositories.RentalRepository::SelectRentalById(System.Guid)</Name>
              <FileRef uid="5" />
              <SequencePoints>
                <SequencePoint vc="0" uspid="25" ordinal="0" sl="25" sc="1" el="25" ec="2" bec="0" bev="0" fileid="5" />
                <SequencePoint vc="0" uspid="26" ordinal="1" sl="26" sc="1" el="26" ec="2" bec="0" bev="0" fileid="5" />
                <SequencePoint vc="0" uspid="27" ordinal="2" sl="27" sc="1" el="27" ec="2" bec="0" bev="0" fileid="5" />
                <SequencePoint vc="0" uspid="28" ordinal="3" sl="28" sc="1" el="28" ec="2" bec="0" bev="0" fileid="5" />
                <SequencePoint vc="0" uspid="29" ordinal="4" sl="29" sc="1" el="29" ec="2" bec="0" bev="0" fileid="5" />
                <SequencePoint vc="0" uspid="30" ordinal="5" sl="30" sc="1" el="30" ec="2" bec="0" bev="0" fileid="5" />
              </SequencePoints>
              <BranchPoints />
              <MethodPoint vc="0" uspid="0" p8:type="SequencePoint" ordinal="1" offset="1" sc="0" sl="25" ec="1" el="30" bec="0" bev="0" fileid="5" xmlns:p8="xsi" />
            </Method>
            <Method cyclomaticComplexity="1" nPathComplexity="1" sequenceCoverage="0" branchCoverage="100" isConstructor="True" isGetter="False" isSetter="False" isStatic="True">
              <Summary numSequencePoints="4" visitedSequencePoints="0" numBranchPoints="0" visitedBranchPoints="0" sequenceCoverage="0" branchCoverage="100" maxCyclomaticComplexity="1" minCyclomaticComplexity="1" visitedClasses="0" numClasses="0" visitedMethods="0" numMethods="1" />
              <MetadataToken />
              <Name>System.Void VehicleRentalSystem.Repositories.RentalRepository::.ctor(VehicleRentalSystem.Models.PostgresContext)</Name>
              <FileRef uid="5" />
              <SequencePoints>
                <SequencePoint vc="0" uspid="11" ordinal="0" sl="11" sc="1" el="11" ec="2" bec="0" bev="0" fileid="5" />
                <SequencePoint vc="0" uspid="12" ordinal="1" sl="12" sc="1" el="12" ec="2" bec="0" bev="0" fileid="5" />
                <SequencePoint vc="0" uspid="13" ordinal="2" sl="13" sc="1" el="13" ec="2" bec="0" bev="0" fileid="5" />
                <SequencePoint vc="0" uspid="14" ordinal="3" sl="14" sc="1" el="14" ec="2" bec="0" bev="0" fileid="5" />
              </SequencePoints>
              <BranchPoints />
              <MethodPoint vc="0" uspid="0" p8:type="SequencePoint" ordinal="2" offset="2" sc="0" sl="11" ec="1" el="14" bec="0" bev="0" fileid="5" xmlns:p8="xsi" />
            </Method>
          </Methods>
        </Class>
        <Class>
          <Summary numSequencePoints="5" visitedSequencePoints="0" numBranchPoints="0" visitedBranchPoints="0" sequenceCoverage="0" branchCoverage="100" maxCyclomaticComplexity="1" minCyclomaticComplexity="1" visitedClasses="0" numClasses="1" visitedMethods="0" numMethods="1" />
          <FullName>VehicleRentalSystem.Repositories.RentalRepository/&lt;CreateRentalAsync&gt;d__6</FullName>
          <Methods>
            <Method cyclomaticComplexity="1" nPathComplexity="1" sequenceCoverage="0" branchCoverage="100" isConstructor="False" isGetter="False" isSetter="False" isStatic="True">
              <Summary numSequencePoints="5" visitedSequencePoints="0" numBranchPoints="0" visitedBranchPoints="0" sequenceCoverage="0" branchCoverage="100" maxCyclomaticComplexity="1" minCyclomaticComplexity="1" visitedClasses="0" numClasses="0" visitedMethods="0" numMethods="1" />
              <MetadataToken />
              <Name>System.Void VehicleRentalSystem.Repositories.RentalRepository/&lt;CreateRentalAsync&gt;d__6::MoveNext()</Name>
              <FileRef uid="5" />
              <SequencePoints>
                <SequencePoint vc="0" uspid="43" ordinal="0" sl="43" sc="1" el="43" ec="2" bec="0" bev="0" fileid="5" />
                <SequencePoint vc="0" uspid="44" ordinal="1" sl="44" sc="1" el="44" ec="2" bec="0" bev="0" fileid="5" />
                <SequencePoint vc="0" uspid="45" ordinal="2" sl="45" sc="1" el="45" ec="2" bec="0" bev="0" fileid="5" />
                <SequencePoint vc="0" uspid="46" ordinal="3" sl="46" sc="1" el="46" ec="2" bec="0" bev="0" fileid="5" />
                <SequencePoint vc="0" uspid="47" ordinal="4" sl="47" sc="1" el="47" ec="2" bec="0" bev="0" fileid="5" />
              </SequencePoints>
              <BranchPoints />
              <MethodPoint vc="0" uspid="0" p8:type="SequencePoint" ordinal="0" offset="0" sc="0" sl="43" ec="1" el="47" bec="0" bev="0" fileid="5" xmlns:p8="xsi" />
            </Method>
          </Methods>
        </Class>
        <Class>
          <Summary numSequencePoints="6" visitedSequencePoints="0" numBranchPoints="0" visitedBranchPoints="0" sequenceCoverage="0" branchCoverage="100" maxCyclomaticComplexity="1" minCyclomaticComplexity="1" visitedClasses="0" numClasses="1" visitedMethods="0" numMethods="1" />
          <FullName>VehicleRentalSystem.Repositories.RentalRepository/&lt;GetRentalByIdAsync&gt;d__8</FullName>
          <Methods>
            <Method cyclomaticComplexity="1" nPathComplexity="1" sequenceCoverage="0" branchCoverage="100" isConstructor="False" isGetter="False" isSetter="False" isStatic="True">
              <Summary numSequencePoints="6" visitedSequencePoints="0" numBranchPoints="0" visitedBranchPoints="0" sequenceCoverage="0" branchCoverage="100" maxCyclomaticComplexity="1" minCyclomaticComplexity="1" visitedClasses="0" numClasses="0" visitedMethods="0" numMethods="1" />
              <MetadataToken />
              <Name>System.Void VehicleRentalSystem.Repositories.RentalRepository/&lt;GetRentalByIdAsync&gt;d__8::MoveNext()</Name>
              <FileRef uid="5" />
              <SequencePoints>
                <SequencePoint vc="0" uspid="62" ordinal="0" sl="62" sc="1" el="62" ec="2" bec="0" bev="0" fileid="5" />
                <SequencePoint vc="0" uspid="63" ordinal="1" sl="63" sc="1" el="63" ec="2" bec="0" bev="0" fileid="5" />
                <SequencePoint vc="0" uspid="64" ordinal="2" sl="64" sc="1" el="64" ec="2" bec="0" bev="0" fileid="5" />
                <SequencePoint vc="0" uspid="65" ordinal="3" sl="65" sc="1" el="65" ec="2" bec="0" bev="0" fileid="5" />
                <SequencePoint vc="0" uspid="66" ordinal="4" sl="66" sc="1" el="66" ec="2" bec="0" bev="0" fileid="5" />
                <SequencePoint vc="0" uspid="67" ordinal="5" sl="67" sc="1" el="67" ec="2" bec="0" bev="0" fileid="5" />
              </SequencePoints>
              <BranchPoints />
              <MethodPoint vc="0" uspid="0" p8:type="SequencePoint" ordinal="0" offset="0" sc="0" sl="62" ec="1" el="67" bec="0" bev="0" fileid="5" xmlns:p8="xsi" />
            </Method>
          </Methods>
        </Class>
        <Class>
          <Summary numSequencePoints="3" visitedSequencePoints="0" numBranchPoints="0" visitedBranchPoints="0" sequenceCoverage="0" branchCoverage="100" maxCyclomaticComplexity="1" minCyclomaticComplexity="1" visitedClasses="0" numClasses="1" visitedMethods="0" numMethods="1" />
          <FullName>VehicleRentalSystem.Repositories.RentalRepository/&lt;GetUserById&gt;d__4</FullName>
          <Methods>
            <Method cyclomaticComplexity="1" nPathComplexity="1" sequenceCoverage="0" branchCoverage="100" isConstructor="False" isGetter="False" isSetter="False" isStatic="True">
              <Summary numSequencePoints="3" visitedSequencePoints="0" numBranchPoints="0" visitedBranchPoints="0" sequenceCoverage="0" branchCoverage="100" maxCyclomaticComplexity="1" minCyclomaticComplexity="1" visitedClasses="0" numClasses="0" visitedMethods="0" numMethods="1" />
              <MetadataToken />
              <Name>System.Void VehicleRentalSystem.Repositories.RentalRepository/&lt;GetUserById&gt;d__4::MoveNext()</Name>
              <FileRef uid="5" />
              <SequencePoints>
                <SequencePoint vc="0" uspid="33" ordinal="0" sl="33" sc="1" el="33" ec="2" bec="0" bev="0" fileid="5" />
                <SequencePoint vc="0" uspid="34" ordinal="1" sl="34" sc="1" el="34" ec="2" bec="0" bev="0" fileid="5" />
                <SequencePoint vc="0" uspid="35" ordinal="2" sl="35" sc="1" el="35" ec="2" bec="0" bev="0" fileid="5" />
              </SequencePoints>
              <BranchPoints />
              <MethodPoint vc="0" uspid="0" p8:type="SequencePoint" ordinal="0" offset="0" sc="0" sl="33" ec="1" el="35" bec="0" bev="0" fileid="5" xmlns:p8="xsi" />
            </Method>
          </Methods>
        </Class>
        <Class>
          <Summary numSequencePoints="3" visitedSequencePoints="0" numBranchPoints="0" visitedBranchPoints="0" sequenceCoverage="0" branchCoverage="100" maxCyclomaticComplexity="1" minCyclomaticComplexity="1" visitedClasses="0" numClasses="1" visitedMethods="0" numMethods="1" />
          <FullName>VehicleRentalSystem.Repositories.RentalRepository/&lt;GetVehicleById&gt;d__5</FullName>
          <Methods>
            <Method cyclomaticComplexity="1" nPathComplexity="1" sequenceCoverage="0" branchCoverage="100" isConstructor="False" isGetter="False" isSetter="False" isStatic="True">
              <Summary numSequencePoints="3" visitedSequencePoints="0" numBranchPoints="0" visitedBranchPoints="0" sequenceCoverage="0" branchCoverage="100" maxCyclomaticComplexity="1" minCyclomaticComplexity="1" visitedClasses="0" numClasses="0" visitedMethods="0" numMethods="1" />
              <MetadataToken />
              <Name>System.Void VehicleRentalSystem.Repositories.RentalRepository/&lt;GetVehicleById&gt;d__5::MoveNext()</Name>
              <FileRef uid="5" />
              <SequencePoints>
                <SequencePoint vc="0" uspid="38" ordinal="0" sl="38" sc="1" el="38" ec="2" bec="0" bev="0" fileid="5" />
                <SequencePoint vc="0" uspid="39" ordinal="1" sl="39" sc="1" el="39" ec="2" bec="0" bev="0" fileid="5" />
                <SequencePoint vc="0" uspid="40" ordinal="2" sl="40" sc="1" el="40" ec="2" bec="0" bev="0" fileid="5" />
              </SequencePoints>
              <BranchPoints />
              <MethodPoint vc="0" uspid="0" p8:type="SequencePoint" ordinal="0" offset="0" sc="0" sl="38" ec="1" el="40" bec="0" bev="0" fileid="5" xmlns:p8="xsi" />
            </Method>
          </Methods>
        </Class>
        <Class>
          <Summary numSequencePoints="3" visitedSequencePoints="0" numBranchPoints="0" visitedBranchPoints="0" sequenceCoverage="0" branchCoverage="100" maxCyclomaticComplexity="1" minCyclomaticComplexity="1" visitedClasses="0" numClasses="1" visitedMethods="0" numMethods="1" />
          <FullName>VehicleRentalSystem.Repositories.RentalRepository/&lt;SaveChangesAsync&gt;d__10</FullName>
          <Methods>
            <Method cyclomaticComplexity="1" nPathComplexity="1" sequenceCoverage="0" branchCoverage="100" isConstructor="False" isGetter="False" isSetter="False" isStatic="True">
              <Summary numSequencePoints="3" visitedSequencePoints="0" numBranchPoints="0" visitedBranchPoints="0" sequenceCoverage="0" branchCoverage="100" maxCyclomaticComplexity="1" minCyclomaticComplexity="1" visitedClasses="0" numClasses="0" visitedMethods="0" numMethods="1" />
              <MetadataToken />
              <Name>System.Void VehicleRentalSystem.Repositories.RentalRepository/&lt;SaveChangesAsync&gt;d__10::MoveNext()</Name>
              <FileRef uid="5" />
              <SequencePoints>
                <SequencePoint vc="0" uspid="76" ordinal="0" sl="76" sc="1" el="76" ec="2" bec="0" bev="0" fileid="5" />
                <SequencePoint vc="0" uspid="77" ordinal="1" sl="77" sc="1" el="77" ec="2" bec="0" bev="0" fileid="5" />
                <SequencePoint vc="0" uspid="78" ordinal="2" sl="78" sc="1" el="78" ec="2" bec="0" bev="0" fileid="5" />
              </SequencePoints>
              <BranchPoints />
              <MethodPoint vc="0" uspid="0" p8:type="SequencePoint" ordinal="0" offset="0" sc="0" sl="76" ec="1" el="78" bec="0" bev="0" fileid="5" xmlns:p8="xsi" />
            </Method>
          </Methods>
        </Class>
        <Class>
          <Summary numSequencePoints="4" visitedSequencePoints="0" numBranchPoints="0" visitedBranchPoints="0" sequenceCoverage="0" branchCoverage="100" maxCyclomaticComplexity="1" minCyclomaticComplexity="1" visitedClasses="0" numClasses="1" visitedMethods="0" numMethods="1" />
          <FullName>VehicleRentalSystem.Repositories.RentalRepository/&lt;UpdateAsync&gt;d__9</FullName>
          <Methods>
            <Method cyclomaticComplexity="1" nPathComplexity="1" sequenceCoverage="0" branchCoverage="100" isConstructor="False" isGetter="False" isSetter="False" isStatic="True">
              <Summary numSequencePoints="4" visitedSequencePoints="0" numBranchPoints="0" visitedBranchPoints="0" sequenceCoverage="0" branchCoverage="100" maxCyclomaticComplexity="1" minCyclomaticComplexity="1" visitedClasses="0" numClasses="0" visitedMethods="0" numMethods="1" />
              <MetadataToken />
              <Name>System.Void VehicleRentalSystem.Repositories.RentalRepository/&lt;UpdateAsync&gt;d__9::MoveNext()</Name>
              <FileRef uid="5" />
              <SequencePoints>
                <SequencePoint vc="0" uspid="70" ordinal="0" sl="70" sc="1" el="70" ec="2" bec="0" bev="0" fileid="5" />
                <SequencePoint vc="0" uspid="71" ordinal="1" sl="71" sc="1" el="71" ec="2" bec="0" bev="0" fileid="5" />
                <SequencePoint vc="0" uspid="72" ordinal="2" sl="72" sc="1" el="72" ec="2" bec="0" bev="0" fileid="5" />
                <SequencePoint vc="0" uspid="73" ordinal="3" sl="73" sc="1" el="73" ec="2" bec="0" bev="0" fileid="5" />
              </SequencePoints>
              <BranchPoints />
              <MethodPoint vc="0" uspid="0" p8:type="SequencePoint" ordinal="0" offset="0" sc="0" sl="70" ec="1" el="73" bec="0" bev="0" fileid="5" xmlns:p8="xsi" />
            </Method>
          </Methods>
        </Class>
        <Class>
          <Summary numSequencePoints="8" visitedSequencePoints="0" numBranchPoints="2" visitedBranchPoints="0" sequenceCoverage="0" branchCoverage="0" maxCyclomaticComplexity="2" minCyclomaticComplexity="2" visitedClasses="0" numClasses="1" visitedMethods="0" numMethods="1" />
          <FullName>VehicleRentalSystem.Repositories.RentalRepository/&lt;UpdateVehicleStatusAsync&gt;d__7</FullName>
          <Methods>
            <Method cyclomaticComplexity="2" nPathComplexity="2" sequenceCoverage="0" branchCoverage="0" isConstructor="False" isGetter="False" isSetter="False" isStatic="True">
              <Summary numSequencePoints="8" visitedSequencePoints="0" numBranchPoints="2" visitedBranchPoints="0" sequenceCoverage="0" branchCoverage="0" maxCyclomaticComplexity="2" minCyclomaticComplexity="2" visitedClasses="0" numClasses="0" visitedMethods="0" numMethods="1" />
              <MetadataToken />
              <Name>System.Void VehicleRentalSystem.Repositories.RentalRepository/&lt;UpdateVehicleStatusAsync&gt;d__7::MoveNext()</Name>
              <FileRef uid="5" />
              <SequencePoints>
                <SequencePoint vc="0" uspid="50" ordinal="0" sl="50" sc="1" el="50" ec="2" bec="0" bev="0" fileid="5" />
                <SequencePoint vc="0" uspid="51" ordinal="1" sl="51" sc="1" el="51" ec="2" bec="0" bev="0" fileid="5" />
                <SequencePoint vc="0" uspid="52" ordinal="2" sl="52" sc="1" el="52" ec="2" bec="2" bev="0" fileid="5" />
                <SequencePoint vc="0" uspid="53" ordinal="3" sl="53" sc="1" el="53" ec="2" bec="0" bev="0" fileid="5" />
                <SequencePoint vc="0" uspid="55" ordinal="4" sl="55" sc="1" el="55" ec="2" bec="0" bev="0" fileid="5" />
                <SequencePoint vc="0" uspid="56" ordinal="5" sl="56" sc="1" el="56" ec="2" bec="0" bev="0" fileid="5" />
                <SequencePoint vc="0" uspid="57" ordinal="6" sl="57" sc="1" el="57" ec="2" bec="0" bev="0" fileid="5" />
                <SequencePoint vc="0" uspid="58" ordinal="7" sl="58" sc="1" el="58" ec="2" bec="0" bev="0" fileid="5" />
              </SequencePoints>
              <BranchPoints>
                <BranchPoint vc="0" uspid="52" ordinal="0" path="0" offset="198" offsetend="200" sl="52" fileid="5" />
                <BranchPoint vc="0" uspid="52" ordinal="1" path="1" offset="198" offsetend="207" sl="52" fileid="5" />
              </BranchPoints>
              <MethodPoint vc="0" uspid="0" p8:type="SequencePoint" ordinal="0" offset="0" sc="0" sl="50" ec="1" el="58" bec="0" bev="0" fileid="5" xmlns:p8="xsi" />
            </Method>
          </Methods>
        </Class>
        <Class>
          <Summary numSequencePoints="101" visitedSequencePoints="0" numBranchPoints="0" visitedBranchPoints="0" sequenceCoverage="0" branchCoverage="100" maxCyclomaticComplexity="1" minCyclomaticComplexity="1" visitedClasses="0" numClasses="1" visitedMethods="0" numMethods="11" />
          <FullName>VehicleRentalSystem.Models.PostgresContext</FullName>
          <Methods>
            <Method cyclomaticComplexity="1" nPathComplexity="1" sequenceCoverage="0" branchCoverage="100" isConstructor="False" isGetter="True" isSetter="False" isStatic="True">
              <Summary numSequencePoints="1" visitedSequencePoints="0" numBranchPoints="0" visitedBranchPoints="0" sequenceCoverage="0" branchCoverage="100" maxCyclomaticComplexity="1" minCyclomaticComplexity="1" visitedClasses="0" numClasses="0" visitedMethods="0" numMethods="1" />
              <MetadataToken />
              <Name>Microsoft.EntityFrameworkCore.DbSet`1&lt;VehicleRentalSystem.Models.TbAccessory&gt; VehicleRentalSystem.Models.PostgresContext::get_TbAccessories()</Name>
              <FileRef uid="6" />
              <SequencePoints>
                <SequencePoint vc="0" uspid="18" ordinal="0" sl="18" sc="1" el="18" ec="2" bec="0" bev="0" fileid="6" />
              </SequencePoints>
              <BranchPoints />
              <MethodPoint vc="0" uspid="0" p8:type="SequencePoint" ordinal="0" offset="0" sc="0" sl="18" ec="1" el="18" bec="0" bev="0" fileid="6" xmlns:p8="xsi" />
            </Method>
            <Method cyclomaticComplexity="1" nPathComplexity="1" sequenceCoverage="0" branchCoverage="100" isConstructor="False" isGetter="True" isSetter="False" isStatic="True">
              <Summary numSequencePoints="1" visitedSequencePoints="0" numBranchPoints="0" visitedBranchPoints="0" sequenceCoverage="0" branchCoverage="100" maxCyclomaticComplexity="1" minCyclomaticComplexity="1" visitedClasses="0" numClasses="0" visitedMethods="0" numMethods="1" />
              <MetadataToken />
              <Name>Microsoft.EntityFrameworkCore.DbSet`1&lt;VehicleRentalSystem.Models.TbPayment&gt; VehicleRentalSystem.Models.PostgresContext::get_TbPayments()</Name>
              <FileRef uid="6" />
              <SequencePoints>
                <SequencePoint vc="0" uspid="19" ordinal="0" sl="19" sc="1" el="19" ec="2" bec="0" bev="0" fileid="6" />
              </SequencePoints>
              <BranchPoints />
              <MethodPoint vc="0" uspid="0" p8:type="SequencePoint" ordinal="1" offset="1" sc="0" sl="19" ec="1" el="19" bec="0" bev="0" fileid="6" xmlns:p8="xsi" />
            </Method>
            <Method cyclomaticComplexity="1" nPathComplexity="1" sequenceCoverage="0" branchCoverage="100" isConstructor="False" isGetter="True" isSetter="False" isStatic="True">
              <Summary numSequencePoints="1" visitedSequencePoints="0" numBranchPoints="0" visitedBranchPoints="0" sequenceCoverage="0" branchCoverage="100" maxCyclomaticComplexity="1" minCyclomaticComplexity="1" visitedClasses="0" numClasses="0" visitedMethods="0" numMethods="1" />
              <MetadataToken />
              <Name>Microsoft.EntityFrameworkCore.DbSet`1&lt;VehicleRentalSystem.Models.TbRating&gt; VehicleRentalSystem.Models.PostgresContext::get_TbRatings()</Name>
              <FileRef uid="6" />
              <SequencePoints>
                <SequencePoint vc="0" uspid="20" ordinal="0" sl="20" sc="1" el="20" ec="2" bec="0" bev="0" fileid="6" />
              </SequencePoints>
              <BranchPoints />
              <MethodPoint vc="0" uspid="0" p8:type="SequencePoint" ordinal="2" offset="2" sc="0" sl="20" ec="1" el="20" bec="0" bev="0" fileid="6" xmlns:p8="xsi" />
            </Method>
            <Method cyclomaticComplexity="1" nPathComplexity="1" sequenceCoverage="0" branchCoverage="100" isConstructor="False" isGetter="True" isSetter="False" isStatic="True">
[...]
                <SequencePoint vc="0" uspid="82" ordinal="3" sl="82" sc="1" el="82" ec="2" bec="0" bev="0" fileid="16" />
                <SequencePoint vc="0" uspid="84" ordinal="4" sl="84" sc="1" el="84" ec="2" bec="0" bev="0" fileid="16" />
                <SequencePoint vc="0" uspid="85" ordinal="5" sl="85" sc="1" el="85" ec="2" bec="0" bev="0" fileid="16" />
                <SequencePoint vc="0" uspid="86" ordinal="6" sl="86" sc="1" el="86" ec="2" bec="0" bev="0" fileid="16" />
                <SequencePoint vc="0" uspid="87" ordinal="7" sl="87" sc="1" el="87" ec="2" bec="0" bev="0" fileid="16" />
                <SequencePoint vc="0" uspid="88" ordinal="8" sl="88" sc="1" el="88" ec="2" bec="0" bev="0" fileid="16" />
                <SequencePoint vc="0" uspid="89" ordinal="9" sl="89" sc="1" el="89" ec="2" bec="0" bev="0" fileid="16" />
                <SequencePoint vc="0" uspid="90" ordinal="10" sl="90" sc="1" el="90" ec="2" bec="0" bev="0" fileid="16" />
                <SequencePoint vc="0" uspid="91" ordinal="11" sl="91" sc="1" el="91" ec="2" bec="0" bev="0" fileid="16" />
                <SequencePoint vc="0" uspid="93" ordinal="12" sl="93" sc="1" el="93" ec="2" bec="0" bev="0" fileid="16" />
                <SequencePoint vc="0" uspid="94" ordinal="13" sl="94" sc="1" el="94" ec="2" bec="0" bev="0" fileid="16" />
                <SequencePoint vc="0" uspid="95" ordinal="14" sl="95" sc="1" el="95" ec="2" bec="0" bev="0" fileid="16" />
                <SequencePoint vc="0" uspid="96" ordinal="15" sl="96" sc="1" el="96" ec="2" bec="0" bev="0" fileid="16" />
                <SequencePoint vc="0" uspid="97" ordinal="16" sl="97" sc="1" el="97" ec="2" bec="0" bev="0" fileid="16" />
                <SequencePoint vc="0" uspid="98" ordinal="17" sl="98" sc="1" el="98" ec="2" bec="0" bev="0" fileid="16" />
                <SequencePoint vc="0" uspid="99" ordinal="18" sl="99" sc="1" el="99" ec="2" bec="0" bev="0" fileid="16" />
                <SequencePoint vc="0" uspid="100" ordinal="19" sl="100" sc="1" el="100" ec="2" bec="0" bev="0" fileid="16" />
                <SequencePoint vc="0" uspid="102" ordinal="20" sl="102" sc="1" el="102" ec="2" bec="0" bev="0" fileid="16" />
                <SequencePoint vc="0" uspid="103" ordinal="21" sl="103" sc="1" el="103" ec="2" bec="0" bev="0" fileid="16" />
                <SequencePoint vc="0" uspid="104" ordinal="22" sl="104" sc="1" el="104" ec="2" bec="0" bev="0" fileid="16" />
                <SequencePoint vc="0" uspid="105" ordinal="23" sl="105" sc="1" el="105" ec="2" bec="0" bev="0" fileid="16" />
                <SequencePoint vc="0" uspid="106" ordinal="24" sl="106" sc="1" el="106" ec="2" bec="0" bev="0" fileid="16" />
                <SequencePoint vc="0" uspid="107" ordinal="25" sl="107" sc="1" el="107" ec="2" bec="0" bev="0" fileid="16" />
                <SequencePoint vc="0" uspid="108" ordinal="26" sl="108" sc="1" el="108" ec="2" bec="0" bev="0" fileid="16" />
                <SequencePoint vc="0" uspid="109" ordinal="27" sl="109" sc="1" el="109" ec="2" bec="0" bev="0" fileid="16" />
                <SequencePoint vc="0" uspid="111" ordinal="28" sl="111" sc="1" el="111" ec="2" bec="0" bev="0" fileid="16" />
              </SequencePoints>
              <BranchPoints />
              <MethodPoint vc="0" uspid="0" p8:type="SequencePoint" ordinal="0" offset="0" sc="0" sl="77" ec="1" el="111" bec="0" bev="0" fileid="16" xmlns:p8="xsi" />
            </Method>
          </Methods>
        </Class>
        <Class>
          <Summary numSequencePoints="34" visitedSequencePoints="0" numBranchPoints="2" visitedBranchPoints="0" sequenceCoverage="0" branchCoverage="0" maxCyclomaticComplexity="2" minCyclomaticComplexity="2" visitedClasses="0" numClasses="1" visitedMethods="0" numMethods="1" />
          <FullName>API_SistemaLocacao.Controllers.RentalController/&lt;Create&gt;d__4</FullName>
          <Methods>
            <Method cyclomaticComplexity="2" nPathComplexity="2" sequenceCoverage="0" branchCoverage="0" isConstructor="False" isGetter="False" isSetter="False" isStatic="True">
              <Summary numSequencePoints="34" visitedSequencePoints="0" numBranchPoints="2" visitedBranchPoints="0" sequenceCoverage="0" branchCoverage="0" maxCyclomaticComplexity="2" minCyclomaticComplexity="2" visitedClasses="0" numClasses="0" visitedMethods="0" numMethods="1" />
              <MetadataToken />
              <Name>System.Void API_SistemaLocacao.Controllers.RentalController/&lt;Create&gt;d__4::MoveNext()</Name>
              <FileRef uid="16" />
              <SequencePoints>
                <SequencePoint vc="0" uspid="33" ordinal="0" sl="33" sc="1" el="33" ec="2" bec="0" bev="0" fileid="16" />
                <SequencePoint vc="0" uspid="35" ordinal="1" sl="35" sc="1" el="35" ec="2" bec="0" bev="0" fileid="16" />
                <SequencePoint vc="0" uspid="36" ordinal="2" sl="36" sc="1" el="36" ec="2" bec="2" bev="0" fileid="16" />
                <SequencePoint vc="0" uspid="37" ordinal="3" sl="37" sc="1" el="37" ec="2" bec="0" bev="0" fileid="16" />
                <SequencePoint vc="0" uspid="39" ordinal="4" sl="39" sc="1" el="39" ec="2" bec="0" bev="0" fileid="16" />
                <SequencePoint vc="0" uspid="41" ordinal="5" sl="41" sc="1" el="41" ec="2" bec="0" bev="0" fileid="16" />
                <SequencePoint vc="0" uspid="43" ordinal="6" sl="43" sc="1" el="43" ec="2" bec="0" bev="0" fileid="16" />
                <SequencePoint vc="0" uspid="44" ordinal="7" sl="44" sc="1" el="44" ec="2" bec="0" bev="0" fileid="16" />
                <SequencePoint vc="0" uspid="45" ordinal="8" sl="45" sc="1" el="45" ec="2" bec="0" bev="0" fileid="16" />
                <SequencePoint vc="0" uspid="46" ordinal="9" sl="46" sc="1" el="46" ec="2" bec="0" bev="0" fileid="16" />
                <SequencePoint vc="0" uspid="47" ordinal="10" sl="47" sc="1" el="47" ec="2" bec="0" bev="0" fileid="16" />
                <SequencePoint vc="0" uspid="48" ordinal="11" sl="48" sc="1" el="48" ec="2" bec="0" bev="0" fileid="16" />
                <SequencePoint vc="0" uspid="49" ordinal="12" sl="49" sc="1" el="49" ec="2" bec="0" bev="0" fileid="16" />
                <SequencePoint vc="0" uspid="50" ordinal="13" sl="50" sc="1" el="50" ec="2" bec="0" bev="0" fileid="16" />
                <SequencePoint vc="0" uspid="51" ordinal="14" sl="51" sc="1" el="51" ec="2" bec="0" bev="0" fileid="16" />
                <SequencePoint vc="0" uspid="53" ordinal="15" sl="53" sc="1" el="53" ec="2" bec="0" bev="0" fileid="16" />
                <SequencePoint vc="0" uspid="54" ordinal="16" sl="54" sc="1" el="54" ec="2" bec="0" bev="0" fileid="16" />
                <SequencePoint vc="0" uspid="55" ordinal="17" sl="55" sc="1" el="55" ec="2" bec="0" bev="0" fileid="16" />
                <SequencePoint vc="0" uspid="56" ordinal="18" sl="56" sc="1" el="56" ec="2" bec="0" bev="0" fileid="16" />
                <SequencePoint vc="0" uspid="57" ordinal="19" sl="57" sc="1" el="57" ec="2" bec="0" bev="0" fileid="16" />
                <SequencePoint vc="0" uspid="58" ordinal="20" sl="58" sc="1" el="58" ec="2" bec="0" bev="0" fileid="16" />
                <SequencePoint vc="0" uspid="59" ordinal="21" sl="59" sc="1" el="59" ec="2" bec="0" bev="0" fileid="16" />
                <SequencePoint vc="0" uspid="60" ordinal="22" sl="60" sc="1" el="60" ec="2" bec="0" bev="0" fileid="16" />
                <SequencePoint vc="0" uspid="61" ordinal="23" sl="61" sc="1" el="61" ec="2" bec="0" bev="0" fileid="16" />
                <SequencePoint vc="0" uspid="63" ordinal="24" sl="63" sc="1" el="63" ec="2" bec="0" bev="0" fileid="16" />
                <SequencePoint vc="0" uspid="64" ordinal="25" sl="64" sc="1" el="64" ec="2" bec="0" bev="0" fileid="16" />
                <SequencePoint vc="0" uspid="65" ordinal="26" sl="65" sc="1" el="65" ec="2" bec="0" bev="0" fileid="16" />
                <SequencePoint vc="0" uspid="66" ordinal="27" sl="66" sc="1" el="66" ec="2" bec="0" bev="0" fileid="16" />
                <SequencePoint vc="0" uspid="67" ordinal="28" sl="67" sc="1" el="67" ec="2" bec="0" bev="0" fileid="16" />
                <SequencePoint vc="0" uspid="68" ordinal="29" sl="68" sc="1" el="68" ec="2" bec="0" bev="0" fileid="16" />
                <SequencePoint vc="0" uspid="69" ordinal="30" sl="69" sc="1" el="69" ec="2" bec="0" bev="0" fileid="16" />
                <SequencePoint vc="0" uspid="70" ordinal="31" sl="70" sc="1" el="70" ec="2" bec="0" bev="0" fileid="16" />
                <SequencePoint vc="0" uspid="71" ordinal="32" sl="71" sc="1" el="71" ec="2" bec="0" bev="0" fileid="16" />
                <SequencePoint vc="0" uspid="73" ordinal="33" sl="73" sc="1" el="73" ec="2" bec="0" bev="0" fileid="16" />
              </SequencePoints>
              <BranchPoints>
                <BranchPoint vc="0" uspid="36" ordinal="0" path="0" offset="48" offsetend="50" sl="36" fileid="16" />
                <BranchPoint vc="0" uspid="36" ordinal="1" path="1" offset="48" offsetend="78" sl="36" fileid="16" />
              </BranchPoints>
              <MethodPoint vc="0" uspid="0" p8:type="SequencePoint" ordinal="0" offset="0" sc="0" sl="33" ec="1" el="73" bec="0" bev="0" fileid="16" xmlns:p8="xsi" />
            </Method>
          </Methods>
        </Class>
        <Class>
          <Summary numSequencePoints="29" visitedSequencePoints="0" numBranchPoints="0" visitedBranchPoints="0" sequenceCoverage="0" branchCoverage="100" maxCyclomaticComplexity="1" minCyclomaticComplexity="1" visitedClasses="0" numClasses="1" visitedMethods="0" numMethods="1" />
          <FullName>API_SistemaLocacao.Controllers.RentalController/&lt;Return&gt;d__7</FullName>
          <Methods>
            <Method cyclomaticComplexity="1" nPathComplexity="1" sequenceCoverage="0" branchCoverage="100" isConstructor="False" isGetter="False" isSetter="False" isStatic="True">
              <Summary numSequencePoints="29" visitedSequencePoints="0" numBranchPoints="0" visitedBranchPoints="0" sequenceCoverage="0" branchCoverage="100" maxCyclomaticComplexity="1" minCyclomaticComplexity="1" visitedClasses="0" numClasses="0" visitedMethods="0" numMethods="1" />
              <MetadataToken />
              <Name>System.Void API_SistemaLocacao.Controllers.RentalController/&lt;Return&gt;d__7::MoveNext()</Name>
              <FileRef uid="16" />
              <SequencePoints>
                <SequencePoint vc="0" uspid="155" ordinal="0" sl="155" sc="1" el="155" ec="2" bec="0" bev="0" fileid="16" />
                <SequencePoint vc="0" uspid="157" ordinal="1" sl="157" sc="1" el="157" ec="2" bec="0" bev="0" fileid="16" />
                <SequencePoint vc="0" uspid="158" ordinal="2" sl="158" sc="1" el="158" ec="2" bec="0" bev="0" fileid="16" />
                <SequencePoint vc="0" uspid="159" ordinal="3" sl="159" sc="1" el="159" ec="2" bec="0" bev="0" fileid="16" />
                <SequencePoint vc="0" uspid="161" ordinal="4" sl="161" sc="1" el="161" ec="2" bec="0" bev="0" fileid="16" />
                <SequencePoint vc="0" uspid="162" ordinal="5" sl="162" sc="1" el="162" ec="2" bec="0" bev="0" fileid="16" />
                <SequencePoint vc="0" uspid="163" ordinal="6" sl="163" sc="1" el="163" ec="2" bec="0" bev="0" fileid="16" />
                <SequencePoint vc="0" uspid="164" ordinal="7" sl="164" sc="1" el="164" ec="2" bec="0" bev="0" fileid="16" />
                <SequencePoint vc="0" uspid="165" ordinal="8" sl="165" sc="1" el="165" ec="2" bec="0" bev="0" fileid="16" />
                <SequencePoint vc="0" uspid="166" ordinal="9" sl="166" sc="1" el="166" ec="2" bec="0" bev="0" fileid="16" />
                <SequencePoint vc="0" uspid="167" ordinal="10" sl="167" sc="1" el="167" ec="2" bec="0" bev="0" fileid="16" />
                <SequencePoint vc="0" uspid="168" ordinal="11" sl="168" sc="1" el="168" ec="2" bec="0" bev="0" fileid="16" />
                <SequencePoint vc="0" uspid="170" ordinal="12" sl="170" sc="1" el="170" ec="2" bec="0" bev="0" fileid="16" />
                <SequencePoint vc="0" uspid="171" ordinal="13" sl="171" sc="1" el="171" ec="2" bec="0" bev="0" fileid="16" />
                <SequencePoint vc="0" uspid="172" ordinal="14" sl="172" sc="1" el="172" ec="2" bec="0" bev="0" fileid="16" />
                <SequencePoint vc="0" uspid="173" ordinal="15" sl="173" sc="1" el="173" ec="2" bec="0" bev="0" fileid="16" />
                <SequencePoint vc="0" uspid="174" ordinal="16" sl="174" sc="1" el="174" ec="2" bec="0" bev="0" fileid="16" />
                <SequencePoint vc="0" uspid="175" ordinal="17" sl="175" sc="1" el="175" ec="2" bec="0" bev="0" fileid="16" />
                <SequencePoint vc="0" uspid="176" ordinal="18" sl="176" sc="1" el="176" ec="2" bec="0" bev="0" fileid="16" />
                <SequencePoint vc="0" uspid="177" ordinal="19" sl="177" sc="1" el="177" ec="2" bec="0" bev="0" fileid="16" />
                <SequencePoint vc="0" uspid="179" ordinal="20" sl="179" sc="1" el="179" ec="2" bec="0" bev="0" fileid="16" />
                <SequencePoint vc="0" uspid="180" ordinal="21" sl="180" sc="1" el="180" ec="2" bec="0" bev="0" fileid="16" />
                <SequencePoint vc="0" uspid="181" ordinal="22" sl="181" sc="1" el="181" ec="2" bec="0" bev="0" fileid="16" />
                <SequencePoint vc="0" uspid="182" ordinal="23" sl="182" sc="1" el="182" ec="2" bec="0" bev="0" fileid="16" />
                <SequencePoint vc="0" uspid="183" ordinal="24" sl="183" sc="1" el="183" ec="2" bec="0" bev="0" fileid="16" />
                <SequencePoint vc="0" uspid="184" ordinal="25" sl="184" sc="1" el="184" ec="2" bec="0" bev="0" fileid="16" />
                <SequencePoint vc="0" uspid="185" ordinal="26" sl="185" sc="1" el="185" ec="2" bec="0" bev="0" fileid="16" />
                <SequencePoint vc="0" uspid="186" ordinal="27" sl="186" sc="1" el="186" ec="2" bec="0" bev="0" fileid="16" />
                <SequencePoint vc="0" uspid="188" ordinal="28" sl="188" sc="1" el="188" ec="2" bec="0" bev="0" fileid="16" />
              </SequencePoints>
              <BranchPoints />
              <MethodPoint vc="0" uspid="0" p8:type="SequencePoint" ordinal="0" offset="0" sc="0" sl="155" ec="1" el="188" bec="0" bev="0" fileid="16" xmlns:p8="xsi" />
            </Method>
          </Methods>
        </Class>
        <Class>
          <Summary numSequencePoints="31" visitedSequencePoints="0" numBranchPoints="2" visitedBranchPoints="0" sequenceCoverage="0" branchCoverage="0" maxCyclomaticComplexity="2" minCyclomaticComplexity="2" visitedClasses="0" numClasses="1" visitedMethods="0" numMethods="1" />
          <FullName>API_SistemaLocacao.Controllers.RentalController/&lt;UpdateDates&gt;d__6</FullName>
          <Methods>
            <Method cyclomaticComplexity="2" nPathComplexity="2" sequenceCoverage="0" branchCoverage="0" isConstructor="False" isGetter="False" isSetter="False" isStatic="True">
              <Summary numSequencePoints="31" visitedSequencePoints="0" numBranchPoints="2" visitedBranchPoints="0" sequenceCoverage="0" branchCoverage="0" maxCyclomaticComplexity="2" minCyclomaticComplexity="2" visitedClasses="0" numClasses="0" visitedMethods="0" numMethods="1" />
              <MetadataToken />
              <Name>System.Void API_SistemaLocacao.Controllers.RentalController/&lt;UpdateDates&gt;d__6::MoveNext()</Name>
              <FileRef uid="16" />
              <SequencePoints>
                <SequencePoint vc="0" uspid="115" ordinal="0" sl="115" sc="1" el="115" ec="2" bec="0" bev="0" fileid="16" />
                <SequencePoint vc="0" uspid="117" ordinal="1" sl="117" sc="1" el="117" ec="2" bec="0" bev="0" fileid="16" />
                <SequencePoint vc="0" uspid="118" ordinal="2" sl="118" sc="1" el="118" ec="2" bec="2" bev="0" fileid="16" />
                <SequencePoint vc="0" uspid="119" ordinal="3" sl="119" sc="1" el="119" ec="2" bec="0" bev="0" fileid="16" />
                <SequencePoint vc="0" uspid="121" ordinal="4" sl="121" sc="1" el="121" ec="2" bec="0" bev="0" fileid="16" />
                <SequencePoint vc="0" uspid="122" ordinal="5" sl="122" sc="1" el="122" ec="2" bec="0" bev="0" fileid="16" />
                <SequencePoint vc="0" uspid="124" ordinal="6" sl="124" sc="1" el="124" ec="2" bec="0" bev="0" fileid="16" />
                <SequencePoint vc="0" uspid="125" ordinal="7" sl="125" sc="1" el="125" ec="2" bec="0" bev="0" fileid="16" />
                <SequencePoint vc="0" uspid="126" ordinal="8" sl="126" sc="1" el="126" ec="2" bec="0" bev="0" fileid="16" />
                <SequencePoint vc="0" uspid="127" ordinal="9" sl="127" sc="1" el="127" ec="2" bec="0" bev="0" fileid="16" />
                <SequencePoint vc="0" uspid="128" ordinal="10" sl="128" sc="1" el="128" ec="2" bec="0" bev="0" fileid="16" />
                <SequencePoint vc="0" uspid="129" ordinal="11" sl="129" sc="1" el="129" ec="2" bec="0" bev="0" fileid="16" />
                <SequencePoint vc="0" uspid="130" ordinal="12" sl="130" sc="1" el="130" ec="2" bec="0" bev="0" fileid="16" />
                <SequencePoint vc="0" uspid="131" ordinal="13" sl="131" sc="1" el="131" ec="2" bec="0" bev="0" fileid="16" />
                <SequencePoint vc="0" uspid="133" ordinal="14" sl="133" sc="1" el="133" ec="2" bec="0" bev="0" fileid="16" />
                <SequencePoint vc="0" uspid="134" ordinal="15" sl="134" sc="1" el="134" ec="2" bec="0" bev="0" fileid="16" />
                <SequencePoint vc="0" uspid="135" ordinal="16" sl="135" sc="1" el="135" ec="2" bec="0" bev="0" fileid="16" />
                <SequencePoint vc="0" uspid="136" ordinal="17" sl="136" sc="1" el="136" ec="2" bec="0" bev="0" fileid="16" />
                <SequencePoint vc="0" uspid="137" ordinal="18" sl="137" sc="1" el="137" ec="2" bec="0" bev="0" fileid="16" />
                <SequencePoint vc="0" uspid="138" ordinal="19" sl="138" sc="1" el="138" ec="2" bec="0" bev="0" fileid="16" />
                <SequencePoint vc="0" uspid="139" ordinal="20" sl="139" sc="1" el="139" ec="2" bec="0" bev="0" fileid="16" />
                <SequencePoint vc="0" uspid="140" ordinal="21" sl="140" sc="1" el="140" ec="2" bec="0" bev="0" fileid="16" />
                <SequencePoint vc="0" uspid="142" ordinal="22" sl="142" sc="1" el="142" ec="2" bec="0" bev="0" fileid="16" />
                <SequencePoint vc="0" uspid="143" ordinal="23" sl="143" sc="1" el="143" ec="2" bec="0" bev="0" fileid="16" />
                <SequencePoint vc="0" uspid="144" ordinal="24" sl="144" sc="1" el="144" ec="2" bec="0" bev="0" fileid="16" />
                <SequencePoint vc="0" uspid="145" ordinal="25" sl="145" sc="1" el="145" ec="2" bec="0" bev="0" fileid="16" />
                <SequencePoint vc="0" uspid="146" ordinal="26" sl="146" sc="1" el="146" ec="2" bec="0" bev="0" fileid="16" />
                <SequencePoint vc="0" uspid="147" ordinal="27" sl="147" sc="1" el="147" ec="2" bec="0" bev="0" fileid="16" />
                <SequencePoint vc="0" uspid="148" ordinal="28" sl="148" sc="1" el="148" ec="2" bec="0" bev="0" fileid="16" />
                <SequencePoint vc="0" uspid="149" ordinal="29" sl="149" sc="1" el="149" ec="2" bec="0" bev="0" fileid="16" />
                <SequencePoint vc="0" uspid="151" ordinal="30" sl="151" sc="1" el="151" ec="2" bec="0" bev="0" fileid="16" />
              </SequencePoints>
              <BranchPoints>
                <BranchPoint vc="0" uspid="118" ordinal="0" path="0" offset="48" offsetend="50" sl="118" fileid="16" />
                <BranchPoint vc="0" uspid="118" ordinal="1" path="1" offset="48" offsetend="78" sl="118" fileid="16" />
              </BranchPoints>
              <MethodPoint vc="0" uspid="0" p8:type="SequencePoint" ordinal="0" offset="0" sc="0" sl="115" ec="1" el="151" bec="0" bev="0" fileid="16" xmlns:p8="xsi" />
            </Method>
          </Methods>
        </Class>
      </Classes>
    </Module>
  </Modules>
</CoverageSession>